Using pre-set license
Built from '2022.3/staging' branch; Version is '2022.3.29f1 (8d510ca76d2b) revision 9261324'; Using compiler version '192829333'; Build Type 'Release'
OS: 'Windows 11  (10.0.22631) 64bit Core' Language: 'en' Physical Memory: 65290 MB
BatchMode: 1, IsHumanControllingUs: 0, StartBugReporterOnCrash: 0, Is64bit: 1, IsPro: 1

COMMAND LINE ARGUMENTS:
C:\Program Files\Unity\Hub\Editor\2022.3.29f1\Editor\Unity.exe
-adb2
-batchMode
-noUpm
-name
AssetImportWorker0
-projectPath
C:/Users/darth/Documents/GitHub/MVM_24/TeamJericho_MVM_24
-logFile
Logs/AssetImportWorker0.log
-srvPort
61757
Successfully changed project path to: C:/Users/darth/Documents/GitHub/MVM_24/TeamJericho_MVM_24
C:/Users/darth/Documents/GitHub/MVM_24/TeamJericho_MVM_24
[UnityMemory] Configuration Parameters - Can be set up in boot.config
    "memorysetup-bucket-allocator-granularity=16"
    "memorysetup-bucket-allocator-bucket-count=8"
    "memorysetup-bucket-allocator-block-size=33554432"
    "memorysetup-bucket-allocator-block-count=8"
    "memorysetup-main-allocator-block-size=16777216"
    "memorysetup-thread-allocator-block-size=16777216"
    "memorysetup-gfx-main-allocator-block-size=16777216"
    "memorysetup-gfx-thread-allocator-block-size=16777216"
    "memorysetup-cache-allocator-block-size=4194304"
    "memorysetup-typetree-allocator-block-size=2097152"
    "memorysetup-profiler-bucket-allocator-granularity=16"
    "memorysetup-profiler-bucket-allocator-bucket-count=8"
    "memorysetup-profiler-bucket-allocator-block-size=33554432"
    "memorysetup-profiler-bucket-allocator-block-count=8"
    "memorysetup-profiler-allocator-block-size=16777216"
    "memorysetup-profiler-editor-allocator-block-size=1048576"
    "memorysetup-temp-allocator-size-main=16777216"
    "memorysetup-job-temp-allocator-block-size=2097152"
    "memorysetup-job-temp-allocator-block-size-background=1048576"
    "memorysetup-job-temp-allocator-reduction-small-platforms=262144"
    "memorysetup-allocator-temp-initial-block-size-main=262144"
    "memorysetup-allocator-temp-initial-block-size-worker=262144"
    "memorysetup-temp-allocator-size-background-worker=32768"
    "memorysetup-temp-allocator-size-job-worker=262144"
    "memorysetup-temp-allocator-size-preload-manager=33554432"
    "memorysetup-temp-allocator-size-nav-mesh-worker=65536"
    "memorysetup-temp-allocator-size-audio-worker=65536"
    "memorysetup-temp-allocator-size-cloud-worker=32768"
    "memorysetup-temp-allocator-size-gi-baking-worker=262144"
    "memorysetup-temp-allocator-size-gfx=262144"
Player connection [32496] Host "[IP] 192.168.1.78 [Port] 0 [Flags] 2 [Guid] 160082295 [EditorId] 160082295 [Version] 1048832 [Id] WindowsEditor(7,Erin) [Debug] 1 [PackageName] WindowsEditor [ProjectName] Editor" joined multi-casting on [225.0.0.222:54997]...

Player connection [32496] Host "[IP] 192.168.1.78 [Port] 0 [Flags] 2 [Guid] 160082295 [EditorId] 160082295 [Version] 1048832 [Id] WindowsEditor(7,Erin) [Debug] 1 [PackageName] WindowsEditor [ProjectName] Editor" joined alternative multi-casting on [225.0.0.222:34997]...

[Physics::Module] Initialized MultithreadedJobDispatcher with 19 workers.
Refreshing native plugins compatible for Editor in 5.90 ms, found 3 plugins.
Preloading 0 native plugins for Editor in 0.00 ms.
Initialize engine version: 2022.3.29f1 (8d510ca76d2b)
[Subsystems] Discovering subsystems at path C:/Program Files/Unity/Hub/Editor/2022.3.29f1/Editor/Data/Resources/UnitySubsystems
[Subsystems] Discovering subsystems at path C:/Users/darth/Documents/GitHub/MVM_24/TeamJericho_MVM_24/Assets
GfxDevice: creating device client; threaded=0; jobified=0
Direct3D:
    Version:  Direct3D 11.0 [level 11.1]
    Renderer: NVIDIA GeForce RTX 4070 (ID=0x2786)
    Vendor:   NVIDIA
    VRAM:     12012 MB
    Driver:   31.0.15.5186
Initialize mono
Mono path[0] = 'C:/Program Files/Unity/Hub/Editor/2022.3.29f1/Editor/Data/Managed'
Mono path[1] = 'C:/Program Files/Unity/Hub/Editor/2022.3.29f1/Editor/Data/MonoBleedingEdge/lib/mono/unityjit-win32'
Mono config path = 'C:/Program Files/Unity/Hub/Editor/2022.3.29f1/Editor/Data/MonoBleedingEdge/etc'
Using monoOptions --debugger-agent=transport=dt_socket,embedding=1,server=y,suspend=n,address=127.0.0.1:56720
Begin MonoManager ReloadAssembly
Registering precompiled unity dll's ...
Register platform support module: C:/Program Files/Unity/Hub/Editor/2022.3.29f1/Editor/Data/PlaybackEngines/WebGLSupport/UnityEditor.WebGL.Extensions.dll
Register platform support module: C:/Program Files/Unity/Hub/Editor/2022.3.29f1/Editor/Data/PlaybackEngines/WindowsStandaloneSupport/UnityEditor.WindowsStandalone.Extensions.dll
Registered in 0.004154 seconds.
- Loaded All Assemblies, in  0.213 seconds
Native extension for WindowsStandalone target not found
Native extension for WebGL target not found
Mono: successfully reloaded assembly
- Finished resetting the current domain, in  0.171 seconds
Domain Reload Profiling: 384ms
	BeginReloadAssembly (63ms)
		ExecutionOrderSort (0ms)
		DisableScriptedObjects (0ms)
		BackupInstance (0ms)
		ReleaseScriptingObjects (0ms)
		CreateAndSetChildDomain (0ms)
	RebuildCommonClasses (20ms)
	RebuildNativeTypeToScriptingClass (6ms)
	initialDomainReloadingComplete (34ms)
	LoadAllAssembliesAndSetupDomain (88ms)
		LoadAssemblies (62ms)
		RebuildTransferFunctionScriptingTraits (0ms)
		AnalyzeDomain (87ms)
			TypeCache.Refresh (86ms)
				TypeCache.ScanAssembly (79ms)
			ScanForSourceGeneratedMonoScriptInfo (0ms)
			ResolveRequiredComponents (0ms)
	FinalizeReload (172ms)
		ReleaseScriptCaches (0ms)
		RebuildScriptCaches (0ms)
		SetupLoadedEditorAssemblies (134ms)
			LogAssemblyErrors (0ms)
			InitializePlatformSupportModulesInManaged (7ms)
			SetLoadedEditorAssemblies (4ms)
			RefreshPlugins (0ms)
			BeforeProcessingInitializeOnLoad (1ms)
			ProcessInitializeOnLoadAttributes (93ms)
			ProcessInitializeOnLoadMethodAttributes (30ms)
			AfterProcessingInitializeOnLoad (0ms)
			EditorAssembliesLoaded (0ms)
		ExecutionOrderSort2 (0ms)
		AwakeInstancesAfterBackupRestoration (0ms)
========================================================================
Worker process is ready to serve import requests
Begin MonoManager ReloadAssembly
- Loaded All Assemblies, in  0.482 seconds
Refreshing native plugins compatible for Editor in 2.46 ms, found 3 plugins.
Native extension for WindowsStandalone target not found
Native extension for WebGL target not found
Package Manager log level set to [2]
[Package Manager] Server::EnsureServerProcessIsRunning -- launch failed, reason: Unity was launched with the -noUpm command-line argument
[Package Manager] UpmClient::Send -- Unable to send message (not connected to UPM process).
[Package Manager] Cannot connect to Unity Package Manager local server
Mono: successfully reloaded assembly
- Finished resetting the current domain, in  0.456 seconds
Domain Reload Profiling: 937ms
	BeginReloadAssembly (89ms)
		ExecutionOrderSort (0ms)
		DisableScriptedObjects (4ms)
		BackupInstance (0ms)
		ReleaseScriptingObjects (0ms)
		CreateAndSetChildDomain (12ms)
	RebuildCommonClasses (21ms)
	RebuildNativeTypeToScriptingClass (6ms)
	initialDomainReloadingComplete (25ms)
	LoadAllAssembliesAndSetupDomain (340ms)
		LoadAssemblies (220ms)
		RebuildTransferFunctionScriptingTraits (0ms)
		AnalyzeDomain (171ms)
			TypeCache.Refresh (139ms)
				TypeCache.ScanAssembly (124ms)
			ScanForSourceGeneratedMonoScriptInfo (22ms)
			ResolveRequiredComponents (9ms)
	FinalizeReload (456ms)
		ReleaseScriptCaches (0ms)
		RebuildScriptCaches (0ms)
		SetupLoadedEditorAssemblies (353ms)
			LogAssemblyErrors (0ms)
			InitializePlatformSupportModulesInManaged (4ms)
			SetLoadedEditorAssemblies (2ms)
			RefreshPlugins (0ms)
			BeforeProcessingInitializeOnLoad (48ms)
			ProcessInitializeOnLoadAttributes (253ms)
			ProcessInitializeOnLoadMethodAttributes (42ms)
			AfterProcessingInitializeOnLoad (3ms)
			EditorAssembliesLoaded (0ms)
		ExecutionOrderSort2 (0ms)
		AwakeInstancesAfterBackupRestoration (4ms)
Launched and connected shader compiler UnityShaderCompiler.exe after 0.03 seconds
Refreshing native plugins compatible for Editor in 2.47 ms, found 3 plugins.
Preloading 0 native plugins for Editor in 0.00 ms.
Unloading 6183 Unused Serialized files (Serialized files now loaded: 0)
Unloading 98 unused Assets / (0.9 MB). Loaded Objects now: 6634.
Memory consumption went from 221.7 MB to 220.7 MB.
Total: 2.580000 ms (FindLiveObjects: 0.268000 ms CreateObjectMapping: 0.096800 ms MarkObjects: 1.903100 ms  DeleteObjects: 0.311400 ms)

AssetImportParameters requested are different than current active one (requested -> active):
  custom:container-demuxer-ogg: 62fdf1f143b41e24485cea50d1cbac27 -> 
  custom:video-codec-MediaFoundation-h265: 746d11721c4dcdbdad8f713fa42b33f4 -> 
  custom:video-decoder-ogg-theora: a1e56fd34408186e4bbccfd4996cb3dc -> 
  custom:framework-win-MediaFoundation: 216162199b28c13a410421893ffa2e32 -> 
  custom:CustomObjectIndexerAttribute: 72b91833f83ae208fae7752999fa3104 -> 
  custom:container-demuxer-webm: 4f35f7cbe854078d1ac9338744f61a02 -> 
  custom:container-muxer-webm: aa71ff27fc2769a1b78a27578f13a17b -> 
  custom:video-decoder-webm-vp8: 9c59270c3fd7afecdb556c50c9e8de78 -> 
  custom:SearchIndexIgnoredProperties: e643bd26f0fe6173181afceb89e7c659 -> 
  custom:AudioImporter_EditorPlatform: d09bf68614088b80899f8185d706f6e7 -> 
  custom:video-encoder-webm-vp8: eb34c28f22e8b96e1ab97ce403110664 -> 
  custom:audio-decoder-ogg-vorbis: bf7c407c2cedff20999df2af8eb42d56 -> 
  custom:audio-encoder-webm-vorbis: bf7c407c2cedff20999df2af8eb42d56 -> 
========================================================================
Received Import Request.
  Time since last request: 106063.613040 seconds.
  path: Assets/UI/DefaultReticle.png
  artifactKey: Guid(d83edd92191d39048b74e875867840cf) Importer(815301076,1909f56bfc062723c751e8b465ee728b)
Start importing Assets/UI/DefaultReticle.png using Guid(d83edd92191d39048b74e875867840cf) Importer(815301076,1909f56bfc062723c751e8b465ee728b)  -> (artifact id: '373fee394222d0cf6a04268edf7dd801') in 0.035504 seconds
Number of updated asset objects reloaded before import = 0
Number of asset objects unloaded after import = 2
========================================================================
Received Import Request.
  Time since last request: 5.854099 seconds.
  path: Assets/UI/DefaultReticle.png
  artifactKey: Guid(d83edd92191d39048b74e875867840cf) Importer(815301076,1909f56bfc062723c751e8b465ee728b)
Start importing Assets/UI/DefaultReticle.png using Guid(d83edd92191d39048b74e875867840cf) Importer(815301076,1909f56bfc062723c751e8b465ee728b)  -> (artifact id: 'edf7145209a4580598cedbfa90d42200') in 0.033996 seconds
Number of updated asset objects reloaded before import = 0
Number of asset objects unloaded after import = 3
========================================================================
Received Import Request.
  Time since last request: 7.058488 seconds.
  path: Assets/UI/BlankSprite.png
  artifactKey: Guid(c6c0f009442329e49aa2cb438c79a00b) Importer(815301076,1909f56bfc062723c751e8b465ee728b)
Start importing Assets/UI/BlankSprite.png using Guid(c6c0f009442329e49aa2cb438c79a00b) Importer(815301076,1909f56bfc062723c751e8b465ee728b)  -> (artifact id: 'c97ccae9d6a1af0884b2c28682942ca8') in 0.012578 seconds
Number of updated asset objects reloaded before import = 0
Number of asset objects unloaded after import = 3
========================================================================
Received Import Request.
  Time since last request: 819.966662 seconds.
  path: Assets/TextMesh Pro/Resources/Fonts & Materials/LiberationSans SDF.asset
  artifactKey: Guid(8f586378b4e144a9851e7b34d9b748ee) Importer(815301076,1909f56bfc062723c751e8b465ee728b)
Start importing Assets/TextMesh Pro/Resources/Fonts & Materials/LiberationSans SDF.asset using Guid(8f586378b4e144a9851e7b34d9b748ee) Importer(815301076,1909f56bfc062723c751e8b465ee728b)  -> (artifact id: '557165308fe75c8badd10f97b3e131c7') in 0.082721 seconds
Number of updated asset objects reloaded before import = 0
Number of asset objects unloaded after import = 10
========================================================================
Received Import Request.
  Time since last request: 0.000016 seconds.
  path: Assets/TextMesh Pro/Resources/Fonts & Materials/LiberationSans SDF - Outline.mat
  artifactKey: Guid(79459efec17a4d00a321bdcc27bbc385) Importer(815301076,1909f56bfc062723c751e8b465ee728b)
Start importing Assets/TextMesh Pro/Resources/Fonts & Materials/LiberationSans SDF - Outline.mat using Guid(79459efec17a4d00a321bdcc27bbc385) Importer(815301076,1909f56bfc062723c751e8b465ee728b)  -> (artifact id: '88ac6a0a3916ce869850f5090256f253') in 0.048117 seconds
Number of updated asset objects reloaded before import = 0
Number of asset objects unloaded after import = 3
========================================================================
Received Prepare
Begin MonoManager ReloadAssembly
- Loaded All Assemblies, in  0.311 seconds
Refreshing native plugins compatible for Editor in 2.28 ms, found 3 plugins.
Native extension for WindowsStandalone target not found
Native extension for WebGL target not found
[Package Manager] Server::EnsureServerProcessIsRunning -- launch failed, reason: Unity was launched with the -noUpm command-line argument
[Package Manager] UpmClient::Send -- Unable to send message (not connected to UPM process).
[Package Manager] Cannot connect to Unity Package Manager local server
Mono: successfully reloaded assembly
- Finished resetting the current domain, in  0.776 seconds
Domain Reload Profiling: 1085ms
	BeginReloadAssembly (106ms)
		ExecutionOrderSort (0ms)
		DisableScriptedObjects (2ms)
		BackupInstance (0ms)
		ReleaseScriptingObjects (0ms)
		CreateAndSetChildDomain (28ms)
	RebuildCommonClasses (19ms)
	RebuildNativeTypeToScriptingClass (6ms)
	initialDomainReloadingComplete (17ms)
	LoadAllAssembliesAndSetupDomain (162ms)
		LoadAssemblies (196ms)
		RebuildTransferFunctionScriptingTraits (0ms)
		AnalyzeDomain (14ms)
			TypeCache.Refresh (6ms)
				TypeCache.ScanAssembly (0ms)
			ScanForSourceGeneratedMonoScriptInfo (0ms)
			ResolveRequiredComponents (7ms)
	FinalizeReload (776ms)
		ReleaseScriptCaches (0ms)
		RebuildScriptCaches (0ms)
		SetupLoadedEditorAssemblies (368ms)
			LogAssemblyErrors (0ms)
			InitializePlatformSupportModulesInManaged (4ms)
			SetLoadedEditorAssemblies (3ms)
			RefreshPlugins (0ms)
			BeforeProcessingInitializeOnLoad (55ms)
			ProcessInitializeOnLoadAttributes (256ms)
			ProcessInitializeOnLoadMethodAttributes (45ms)
			AfterProcessingInitializeOnLoad (4ms)
			EditorAssembliesLoaded (0ms)
		ExecutionOrderSort2 (0ms)
		AwakeInstancesAfterBackupRestoration (5ms)
Refreshing native plugins compatible for Editor in 2.35 ms, found 3 plugins.
Preloading 0 native plugins for Editor in 0.00 ms.
Unloading 6090 Unused Serialized files (Serialized files now loaded: 0)
Unloading 64 unused Assets / (1.6 MB). Loaded Objects now: 6697.
Memory consumption went from 205.5 MB to 203.9 MB.
Total: 2.577300 ms (FindLiveObjects: 0.270300 ms CreateObjectMapping: 0.107900 ms MarkObjects: 1.781200 ms  DeleteObjects: 0.417200 ms)

Prepare: number of updated asset objects reloaded= 0
AssetImportParameters requested are different than current active one (requested -> active):
  custom:container-demuxer-ogg: 62fdf1f143b41e24485cea50d1cbac27 -> 
  custom:video-codec-MediaFoundation-h265: 746d11721c4dcdbdad8f713fa42b33f4 -> 
  custom:video-decoder-ogg-theora: a1e56fd34408186e4bbccfd4996cb3dc -> 
  custom:framework-win-MediaFoundation: 216162199b28c13a410421893ffa2e32 -> 
  custom:CustomObjectIndexerAttribute: 72b91833f83ae208fae7752999fa3104 -> 
  custom:container-demuxer-webm: 4f35f7cbe854078d1ac9338744f61a02 -> 
  custom:container-muxer-webm: aa71ff27fc2769a1b78a27578f13a17b -> 
  custom:video-decoder-webm-vp8: 9c59270c3fd7afecdb556c50c9e8de78 -> 
  custom:SearchIndexIgnoredProperties: e643bd26f0fe6173181afceb89e7c659 -> 
  custom:AudioImporter_EditorPlatform: d09bf68614088b80899f8185d706f6e7 -> 
  custom:video-encoder-webm-vp8: eb34c28f22e8b96e1ab97ce403110664 -> 
  custom:audio-decoder-ogg-vorbis: bf7c407c2cedff20999df2af8eb42d56 -> 
  custom:audio-encoder-webm-vorbis: bf7c407c2cedff20999df2af8eb42d56 -> 
========================================================================
Received Prepare
Begin MonoManager ReloadAssembly
- Loaded All Assemblies, in  0.296 seconds
Refreshing native plugins compatible for Editor in 1.94 ms, found 3 plugins.
Native extension for WindowsStandalone target not found
Native extension for WebGL target not found
[Package Manager] Server::EnsureServerProcessIsRunning -- launch failed, reason: Unity was launched with the -noUpm command-line argument
[Package Manager] UpmClient::Send -- Unable to send message (not connected to UPM process).
[Package Manager] Cannot connect to Unity Package Manager local server
Mono: successfully reloaded assembly
- Finished resetting the current domain, in  0.759 seconds
Domain Reload Profiling: 1053ms
	BeginReloadAssembly (98ms)
		ExecutionOrderSort (0ms)
		DisableScriptedObjects (2ms)
		BackupInstance (0ms)
		ReleaseScriptingObjects (0ms)
		CreateAndSetChildDomain (24ms)
	RebuildCommonClasses (18ms)
	RebuildNativeTypeToScriptingClass (6ms)
	initialDomainReloadingComplete (17ms)
	LoadAllAssembliesAndSetupDomain (156ms)
		LoadAssemblies (189ms)
		RebuildTransferFunctionScriptingTraits (0ms)
		AnalyzeDomain (14ms)
			TypeCache.Refresh (5ms)
				TypeCache.ScanAssembly (0ms)
			ScanForSourceGeneratedMonoScriptInfo (0ms)
			ResolveRequiredComponents (8ms)
	FinalizeReload (759ms)
		ReleaseScriptCaches (0ms)
		RebuildScriptCaches (0ms)
		SetupLoadedEditorAssemblies (362ms)
			LogAssemblyErrors (0ms)
			InitializePlatformSupportModulesInManaged (4ms)
			SetLoadedEditorAssemblies (3ms)
			RefreshPlugins (0ms)
			BeforeProcessingInitializeOnLoad (53ms)
			ProcessInitializeOnLoadAttributes (254ms)
			ProcessInitializeOnLoadMethodAttributes (44ms)
			AfterProcessingInitializeOnLoad (3ms)
			EditorAssembliesLoaded (0ms)
		ExecutionOrderSort2 (0ms)
		AwakeInstancesAfterBackupRestoration (5ms)
Refreshing native plugins compatible for Editor in 2.16 ms, found 3 plugins.
Preloading 0 native plugins for Editor in 0.00 ms.
Unloading 6089 Unused Serialized files (Serialized files now loaded: 0)
Unloading 64 unused Assets / (1.6 MB). Loaded Objects now: 6712.
Memory consumption went from 205.2 MB to 203.6 MB.
Total: 3.176600 ms (FindLiveObjects: 0.285400 ms CreateObjectMapping: 0.110900 ms MarkObjects: 2.068600 ms  DeleteObjects: 0.711100 ms)

Prepare: number of updated asset objects reloaded= 0
AssetImportParameters requested are different than current active one (requested -> active):
  custom:container-demuxer-ogg: 62fdf1f143b41e24485cea50d1cbac27 -> 
  custom:video-codec-MediaFoundation-h265: 746d11721c4dcdbdad8f713fa42b33f4 -> 
  custom:video-decoder-ogg-theora: a1e56fd34408186e4bbccfd4996cb3dc -> 
  custom:framework-win-MediaFoundation: 216162199b28c13a410421893ffa2e32 -> 
  custom:CustomObjectIndexerAttribute: 72b91833f83ae208fae7752999fa3104 -> 
  custom:container-demuxer-webm: 4f35f7cbe854078d1ac9338744f61a02 -> 
  custom:container-muxer-webm: aa71ff27fc2769a1b78a27578f13a17b -> 
  custom:video-decoder-webm-vp8: 9c59270c3fd7afecdb556c50c9e8de78 -> 
  custom:SearchIndexIgnoredProperties: e643bd26f0fe6173181afceb89e7c659 -> 
  custom:AudioImporter_EditorPlatform: d09bf68614088b80899f8185d706f6e7 -> 
  custom:video-encoder-webm-vp8: eb34c28f22e8b96e1ab97ce403110664 -> 
  custom:audio-decoder-ogg-vorbis: bf7c407c2cedff20999df2af8eb42d56 -> 
  custom:audio-encoder-webm-vorbis: bf7c407c2cedff20999df2af8eb42d56 -> 
========================================================================
Received Import Request.
  Time since last request: 135.258439 seconds.
  path: Assets/TextMesh Pro/Resources/Fonts & Materials/LiberationSans SDF - Fallback.asset
  artifactKey: Guid(2e498d1c8094910479dc3e1b768306a4) Importer(815301076,1909f56bfc062723c751e8b465ee728b)
Start importing Assets/TextMesh Pro/Resources/Fonts & Materials/LiberationSans SDF - Fallback.asset using Guid(2e498d1c8094910479dc3e1b768306a4) Importer(815301076,1909f56bfc062723c751e8b465ee728b)  -> (artifact id: 'be5ab1fac2649446e69bc1fa7703ce89') in 0.057616 seconds
Number of updated asset objects reloaded before import = 0
Number of asset objects unloaded after import = 6
========================================================================
Received Prepare
Begin MonoManager ReloadAssembly
- Loaded All Assemblies, in  0.300 seconds
Refreshing native plugins compatible for Editor in 2.36 ms, found 3 plugins.
Native extension for WindowsStandalone target not found
Native extension for WebGL target not found
[Package Manager] Server::EnsureServerProcessIsRunning -- launch failed, reason: Unity was launched with the -noUpm command-line argument
[Package Manager] UpmClient::Send -- Unable to send message (not connected to UPM process).
[Package Manager] Cannot connect to Unity Package Manager local server
Mono: successfully reloaded assembly
- Finished resetting the current domain, in  0.741 seconds
Domain Reload Profiling: 1040ms
	BeginReloadAssembly (102ms)
		ExecutionOrderSort (0ms)
		DisableScriptedObjects (2ms)
		BackupInstance (0ms)
		ReleaseScriptingObjects (0ms)
		CreateAndSetChildDomain (26ms)
	RebuildCommonClasses (18ms)
	RebuildNativeTypeToScriptingClass (7ms)
	initialDomainReloadingComplete (17ms)
	LoadAllAssembliesAndSetupDomain (154ms)
		LoadAssemblies (190ms)
		RebuildTransferFunctionScriptingTraits (0ms)
		AnalyzeDomain (14ms)
			TypeCache.Refresh (5ms)
				TypeCache.ScanAssembly (0ms)
			ScanForSourceGeneratedMonoScriptInfo (0ms)
			ResolveRequiredComponents (7ms)
	FinalizeReload (741ms)
		ReleaseScriptCaches (0ms)
		RebuildScriptCaches (0ms)
		SetupLoadedEditorAssemblies (365ms)
			LogAssemblyErrors (0ms)
			InitializePlatformSupportModulesInManaged (4ms)
			SetLoadedEditorAssemblies (3ms)
			RefreshPlugins (0ms)
			BeforeProcessingInitializeOnLoad (58ms)
			ProcessInitializeOnLoadAttributes (251ms)
			ProcessInitializeOnLoadMethodAttributes (44ms)
			AfterProcessingInitializeOnLoad (4ms)
			EditorAssembliesLoaded (0ms)
		ExecutionOrderSort2 (0ms)
		AwakeInstancesAfterBackupRestoration (5ms)
Refreshing native plugins compatible for Editor in 2.01 ms, found 3 plugins.
Preloading 0 native plugins for Editor in 0.00 ms.
Unloading 6089 Unused Serialized files (Serialized files now loaded: 0)
Unloading 64 unused Assets / (1.6 MB). Loaded Objects now: 6727.
Memory consumption went from 205.4 MB to 203.8 MB.
Total: 2.689200 ms (FindLiveObjects: 0.267000 ms CreateObjectMapping: 0.098100 ms MarkObjects: 1.817300 ms  DeleteObjects: 0.506200 ms)

Prepare: number of updated asset objects reloaded= 0
AssetImportParameters requested are different than current active one (requested -> active):
  custom:container-demuxer-ogg: 62fdf1f143b41e24485cea50d1cbac27 -> 
  custom:video-codec-MediaFoundation-h265: 746d11721c4dcdbdad8f713fa42b33f4 -> 
  custom:video-decoder-ogg-theora: a1e56fd34408186e4bbccfd4996cb3dc -> 
  custom:framework-win-MediaFoundation: 216162199b28c13a410421893ffa2e32 -> 
  custom:CustomObjectIndexerAttribute: 72b91833f83ae208fae7752999fa3104 -> 
  custom:container-demuxer-webm: 4f35f7cbe854078d1ac9338744f61a02 -> 
  custom:container-muxer-webm: aa71ff27fc2769a1b78a27578f13a17b -> 
  custom:video-decoder-webm-vp8: 9c59270c3fd7afecdb556c50c9e8de78 -> 
  custom:SearchIndexIgnoredProperties: e643bd26f0fe6173181afceb89e7c659 -> 
  custom:AudioImporter_EditorPlatform: d09bf68614088b80899f8185d706f6e7 -> 
  custom:video-encoder-webm-vp8: eb34c28f22e8b96e1ab97ce403110664 -> 
  custom:audio-decoder-ogg-vorbis: bf7c407c2cedff20999df2af8eb42d56 -> 
  custom:audio-encoder-webm-vorbis: bf7c407c2cedff20999df2af8eb42d56 -> 
========================================================================
Received Prepare
Begin MonoManager ReloadAssembly
- Loaded All Assemblies, in  0.299 seconds
Refreshing native plugins compatible for Editor in 2.00 ms, found 3 plugins.
Native extension for WindowsStandalone target not found
Native extension for WebGL target not found
[Package Manager] Server::EnsureServerProcessIsRunning -- launch failed, reason: Unity was launched with the -noUpm command-line argument
[Package Manager] UpmClient::Send -- Unable to send message (not connected to UPM process).
[Package Manager] Cannot connect to Unity Package Manager local server
Mono: successfully reloaded assembly
- Finished resetting the current domain, in  0.788 seconds
Domain Reload Profiling: 1085ms
	BeginReloadAssembly (98ms)
		ExecutionOrderSort (0ms)
		DisableScriptedObjects (2ms)
		BackupInstance (0ms)
		ReleaseScriptingObjects (0ms)
		CreateAndSetChildDomain (24ms)
	RebuildCommonClasses (18ms)
	RebuildNativeTypeToScriptingClass (7ms)
	initialDomainReloadingComplete (17ms)
	LoadAllAssembliesAndSetupDomain (157ms)
		LoadAssemblies (190ms)
		RebuildTransferFunctionScriptingTraits (0ms)
		AnalyzeDomain (14ms)
			TypeCache.Refresh (5ms)
				TypeCache.ScanAssembly (0ms)
			ScanForSourceGeneratedMonoScriptInfo (0ms)
			ResolveRequiredComponents (7ms)
	FinalizeReload (789ms)
		ReleaseScriptCaches (0ms)
		RebuildScriptCaches (0ms)
		SetupLoadedEditorAssemblies (354ms)
			LogAssemblyErrors (0ms)
			InitializePlatformSupportModulesInManaged (5ms)
			SetLoadedEditorAssemblies (2ms)
			RefreshPlugins (0ms)
			BeforeProcessingInitializeOnLoad (53ms)
			ProcessInitializeOnLoadAttributes (247ms)
			ProcessInitializeOnLoadMethodAttributes (42ms)
			AfterProcessingInitializeOnLoad (4ms)
			EditorAssembliesLoaded (0ms)
		ExecutionOrderSort2 (0ms)
		AwakeInstancesAfterBackupRestoration (5ms)
Refreshing native plugins compatible for Editor in 2.40 ms, found 3 plugins.
Preloading 0 native plugins for Editor in 0.00 ms.
Unloading 6089 Unused Serialized files (Serialized files now loaded: 0)
Unloading 64 unused Assets / (1.6 MB). Loaded Objects now: 6742.
Memory consumption went from 205.4 MB to 203.8 MB.
Total: 2.834000 ms (FindLiveObjects: 0.290300 ms CreateObjectMapping: 0.109100 ms MarkObjects: 1.959900 ms  DeleteObjects: 0.474100 ms)

Prepare: number of updated asset objects reloaded= 0
AssetImportParameters requested are different than current active one (requested -> active):
  custom:container-demuxer-ogg: 62fdf1f143b41e24485cea50d1cbac27 -> 
  custom:video-codec-MediaFoundation-h265: 746d11721c4dcdbdad8f713fa42b33f4 -> 
  custom:video-decoder-ogg-theora: a1e56fd34408186e4bbccfd4996cb3dc -> 
  custom:framework-win-MediaFoundation: 216162199b28c13a410421893ffa2e32 -> 
  custom:CustomObjectIndexerAttribute: 72b91833f83ae208fae7752999fa3104 -> 
  custom:container-demuxer-webm: 4f35f7cbe854078d1ac9338744f61a02 -> 
  custom:container-muxer-webm: aa71ff27fc2769a1b78a27578f13a17b -> 
  custom:video-decoder-webm-vp8: 9c59270c3fd7afecdb556c50c9e8de78 -> 
  custom:SearchIndexIgnoredProperties: e643bd26f0fe6173181afceb89e7c659 -> 
  custom:AudioImporter_EditorPlatform: d09bf68614088b80899f8185d706f6e7 -> 
  custom:video-encoder-webm-vp8: eb34c28f22e8b96e1ab97ce403110664 -> 
  custom:audio-decoder-ogg-vorbis: bf7c407c2cedff20999df2af8eb42d56 -> 
  custom:audio-encoder-webm-vorbis: bf7c407c2cedff20999df2af8eb42d56 -> 
========================================================================
Received Prepare
Begin MonoManager ReloadAssembly
- Loaded All Assemblies, in  0.301 seconds
Refreshing native plugins compatible for Editor in 2.05 ms, found 3 plugins.
Native extension for WindowsStandalone target not found
Native extension for WebGL target not found
[Package Manager] Server::EnsureServerProcessIsRunning -- launch failed, reason: Unity was launched with the -noUpm command-line argument
[Package Manager] UpmClient::Send -- Unable to send message (not connected to UPM process).
[Package Manager] Cannot connect to Unity Package Manager local server
Mono: successfully reloaded assembly
- Finished resetting the current domain, in  0.780 seconds
Domain Reload Profiling: 1079ms
	BeginReloadAssembly (100ms)
		ExecutionOrderSort (0ms)
		DisableScriptedObjects (2ms)
		BackupInstance (0ms)
		ReleaseScriptingObjects (0ms)
		CreateAndSetChildDomain (26ms)
	RebuildCommonClasses (20ms)
	RebuildNativeTypeToScriptingClass (6ms)
	initialDomainReloadingComplete (16ms)
	LoadAllAssembliesAndSetupDomain (156ms)
		LoadAssemblies (189ms)
		RebuildTransferFunctionScriptingTraits (0ms)
		AnalyzeDomain (14ms)
			TypeCache.Refresh (5ms)
				TypeCache.ScanAssembly (0ms)
			ScanForSourceGeneratedMonoScriptInfo (0ms)
			ResolveRequiredComponents (8ms)
	FinalizeReload (780ms)
		ReleaseScriptCaches (0ms)
		RebuildScriptCaches (0ms)
		SetupLoadedEditorAssemblies (358ms)
			LogAssemblyErrors (0ms)
			InitializePlatformSupportModulesInManaged (5ms)
			SetLoadedEditorAssemblies (2ms)
			RefreshPlugins (0ms)
			BeforeProcessingInitializeOnLoad (54ms)
			ProcessInitializeOnLoadAttributes (252ms)
			ProcessInitializeOnLoadMethodAttributes (42ms)
			AfterProcessingInitializeOnLoad (3ms)
			EditorAssembliesLoaded (0ms)
		ExecutionOrderSort2 (0ms)
		AwakeInstancesAfterBackupRestoration (5ms)
Refreshing native plugins compatible for Editor in 2.10 ms, found 3 plugins.
Preloading 0 native plugins for Editor in 0.00 ms.
Unloading 6089 Unused Serialized files (Serialized files now loaded: 0)
Unloading 64 unused Assets / (1.6 MB). Loaded Objects now: 6757.
Memory consumption went from 205.3 MB to 203.7 MB.
Total: 2.778000 ms (FindLiveObjects: 0.278400 ms CreateObjectMapping: 0.103800 ms MarkObjects: 1.923000 ms  DeleteObjects: 0.471800 ms)

Prepare: number of updated asset objects reloaded= 0
AssetImportParameters requested are different than current active one (requested -> active):
  custom:container-demuxer-ogg: 62fdf1f143b41e24485cea50d1cbac27 -> 
  custom:video-codec-MediaFoundation-h265: 746d11721c4dcdbdad8f713fa42b33f4 -> 
  custom:video-decoder-ogg-theora: a1e56fd34408186e4bbccfd4996cb3dc -> 
  custom:framework-win-MediaFoundation: 216162199b28c13a410421893ffa2e32 -> 
  custom:CustomObjectIndexerAttribute: 72b91833f83ae208fae7752999fa3104 -> 
  custom:container-demuxer-webm: 4f35f7cbe854078d1ac9338744f61a02 -> 
  custom:container-muxer-webm: aa71ff27fc2769a1b78a27578f13a17b -> 
  custom:video-decoder-webm-vp8: 9c59270c3fd7afecdb556c50c9e8de78 -> 
  custom:SearchIndexIgnoredProperties: e643bd26f0fe6173181afceb89e7c659 -> 
  custom:AudioImporter_EditorPlatform: d09bf68614088b80899f8185d706f6e7 -> 
  custom:video-encoder-webm-vp8: eb34c28f22e8b96e1ab97ce403110664 -> 
  custom:audio-decoder-ogg-vorbis: bf7c407c2cedff20999df2af8eb42d56 -> 
  custom:audio-encoder-webm-vorbis: bf7c407c2cedff20999df2af8eb42d56 -> 
========================================================================
Received Import Request.
  Time since last request: 1116.134223 seconds.
  path: Assets/Scripts/HandheldItems/Weapons
  artifactKey: Guid(ab8a0959c3887504d9f2c5fa1deba472) Importer(815301076,1909f56bfc062723c751e8b465ee728b)
Start importing Assets/Scripts/HandheldItems/Weapons using Guid(ab8a0959c3887504d9f2c5fa1deba472) Importer(815301076,1909f56bfc062723c751e8b465ee728b)  -> (artifact id: 'afd71ef432cc0c43ecac18f87d140fb7') in 0.006502 seconds
Number of updated asset objects reloaded before import = 0
Number of asset objects unloaded after import = 0
========================================================================
Received Import Request.
  Time since last request: 8.607262 seconds.
  path: Assets/Scripts/HandheldItems/Weapons/Magnum
  artifactKey: Guid(093e9e2f4b5471a4d941aadccd03a6f4) Importer(815301076,1909f56bfc062723c751e8b465ee728b)
Start importing Assets/Scripts/HandheldItems/Weapons/Magnum using Guid(093e9e2f4b5471a4d941aadccd03a6f4) Importer(815301076,1909f56bfc062723c751e8b465ee728b)  -> (artifact id: '8d1946915091f1684d30897a103011b3') in 0.000374 seconds
Number of updated asset objects reloaded before import = 0
Number of asset objects unloaded after import = 0
========================================================================
Received Import Request.
  Time since last request: 7.347993 seconds.
  path: Assets/Scripts/HandheldItems/Weapons/PDW
  artifactKey: Guid(4317df9be5005994fa4307a5035b4148) Importer(815301076,1909f56bfc062723c751e8b465ee728b)
Start importing Assets/Scripts/HandheldItems/Weapons/PDW using Guid(4317df9be5005994fa4307a5035b4148) Importer(815301076,1909f56bfc062723c751e8b465ee728b)  -> (artifact id: '758d2aa0d7c91ff690a2a836015819a1') in 0.000401 seconds
Number of updated asset objects reloaded before import = 0
Number of asset objects unloaded after import = 0
========================================================================
Received Import Request.
  Time since last request: 10.233770 seconds.
  path: Assets/Scripts/HandheldItems/Weapons/DiodeLauncher
  artifactKey: Guid(cb4266c36127b574e95d74d2540f3dbe) Importer(815301076,1909f56bfc062723c751e8b465ee728b)
Start importing Assets/Scripts/HandheldItems/Weapons/DiodeLauncher using Guid(cb4266c36127b574e95d74d2540f3dbe) Importer(815301076,1909f56bfc062723c751e8b465ee728b)  -> (artifact id: '870e3496f6e28607b03d55482e3a3393') in 0.000465 seconds
Number of updated asset objects reloaded before import = 0
Number of asset objects unloaded after import = 0
========================================================================
Received Import Request.
  Time since last request: 11.420828 seconds.
  path: Assets/Scripts/HandheldItems/Weapons/Railgun
  artifactKey: Guid(79fd6942c5ec84349b0d86854ad9b7bd) Importer(815301076,1909f56bfc062723c751e8b465ee728b)
Start importing Assets/Scripts/HandheldItems/Weapons/Railgun using Guid(79fd6942c5ec84349b0d86854ad9b7bd) Importer(815301076,1909f56bfc062723c751e8b465ee728b)  -> (artifact id: '9dc9251871dba56bdc5da4ba15e498de') in 0.000384 seconds
Number of updated asset objects reloaded before import = 0
Number of asset objects unloaded after import = 0
========================================================================
Received Import Request.
  Time since last request: 9.086767 seconds.
  path: Assets/Scripts/HandheldItems/Weapons/DeathLaser
  artifactKey: Guid(b197988baac1557409cf139c15c93532) Importer(815301076,1909f56bfc062723c751e8b465ee728b)
Start importing Assets/Scripts/HandheldItems/Weapons/DeathLaser using Guid(b197988baac1557409cf139c15c93532) Importer(815301076,1909f56bfc062723c751e8b465ee728b)  -> (artifact id: '2cfe397afb6acfddfb2a44a43d9fc5bd') in 0.000441 seconds
Number of updated asset objects reloaded before import = 0
Number of asset objects unloaded after import = 0
========================================================================
Received Import Request.
  Time since last request: 12.566868 seconds.
  path: Assets/Scripts/HandheldItems/Weapons/PlasmaBlade
  artifactKey: Guid(e2cc7aeef5a25224d8e22d5b20df9012) Importer(815301076,1909f56bfc062723c751e8b465ee728b)
Start importing Assets/Scripts/HandheldItems/Weapons/PlasmaBlade using Guid(e2cc7aeef5a25224d8e22d5b20df9012) Importer(815301076,1909f56bfc062723c751e8b465ee728b)  -> (artifact id: 'e32fcce126669162442bf01fdf634024') in 0.000392 seconds
Number of updated asset objects reloaded before import = 0
Number of asset objects unloaded after import = 0
========================================================================
Received Import Request.
  Time since last request: 65.650006 seconds.
  path: Assets/Scripts/HandheldItems/Weapons/Magnum/MagnumHandheld.asset
  artifactKey: Guid(151c1741e32a9b84baff5b7f9dd1a4b5) Importer(815301076,1909f56bfc062723c751e8b465ee728b)
Start importing Assets/Scripts/HandheldItems/Weapons/Magnum/MagnumHandheld.asset using Guid(151c1741e32a9b84baff5b7f9dd1a4b5) Importer(815301076,1909f56bfc062723c751e8b465ee728b)  -> (artifact id: '8f0cbc48cba40b07aeb5e17ef650ac08') in 0.006953 seconds
Number of updated asset objects reloaded before import = 0
Number of asset objects unloaded after import = 1
========================================================================
Received Import Request.
  Time since last request: 24.049084 seconds.
  path: Assets/Scripts/HandheldItems/Weapons/Magnum/MagnumWeapon.prefab
  artifactKey: Guid(7de5b79a3ad965041a85167734cf075b) Importer(815301076,1909f56bfc062723c751e8b465ee728b)
Start importing Assets/Scripts/HandheldItems/Weapons/Magnum/MagnumWeapon.prefab using Guid(7de5b79a3ad965041a85167734cf075b) Importer(815301076,1909f56bfc062723c751e8b465ee728b)  -> (artifact id: 'f510965dadd34fb0810073fdf6a39efa') in 0.013863 seconds
Number of updated asset objects reloaded before import = 0
Number of asset objects unloaded after import = 4
========================================================================
Received Import Request.
  Time since last request: 14.442655 seconds.
  path: Assets/Scripts/HandheldItems/Weapons/Magnum/MagnumWeapon.prefab
  artifactKey: Guid(7de5b79a3ad965041a85167734cf075b) Importer(815301076,1909f56bfc062723c751e8b465ee728b)
Start importing Assets/Scripts/HandheldItems/Weapons/Magnum/MagnumWeapon.prefab using Guid(7de5b79a3ad965041a85167734cf075b) Importer(815301076,1909f56bfc062723c751e8b465ee728b)  -> (artifact id: 'e7de125851fc3035e568ddd8fe325f94') in 0.002231 seconds
Number of updated asset objects reloaded before import = 0
Number of asset objects unloaded after import = 5
========================================================================
Received Import Request.
  Time since last request: 14.466304 seconds.
  path: Assets/Scripts/HandheldItems/Weapons/Magnum/MagnumWeapon.prefab
  artifactKey: Guid(7de5b79a3ad965041a85167734cf075b) Importer(815301076,1909f56bfc062723c751e8b465ee728b)
Start importing Assets/Scripts/HandheldItems/Weapons/Magnum/MagnumWeapon.prefab using Guid(7de5b79a3ad965041a85167734cf075b) Importer(815301076,1909f56bfc062723c751e8b465ee728b)  -> (artifact id: 'c179e43bcc43b6b1f539d5bbe05f361a') in 0.001529 seconds
Number of updated asset objects reloaded before import = 0
Number of asset objects unloaded after import = 5
========================================================================
Received Import Request.
  Time since last request: 1.001398 seconds.
  path: Assets/Scripts/HandheldItems/Weapons/Magnum/MagnumWeapon.prefab
  artifactKey: Guid(7de5b79a3ad965041a85167734cf075b) Importer(815301076,1909f56bfc062723c751e8b465ee728b)
Start importing Assets/Scripts/HandheldItems/Weapons/Magnum/MagnumWeapon.prefab using Guid(7de5b79a3ad965041a85167734cf075b) Importer(815301076,1909f56bfc062723c751e8b465ee728b)  -> (artifact id: '8036fbbbbb203df3c23bd0fee1ba9d3c') in 0.001940 seconds
Number of updated asset objects reloaded before import = 0
Number of asset objects unloaded after import = 5
========================================================================
Received Import Request.
  Time since last request: 10.087214 seconds.
  path: Assets/Scripts/HandheldItems/Weapons/Magnum/MagnumWeapon.prefab
  artifactKey: Guid(7de5b79a3ad965041a85167734cf075b) Importer(815301076,1909f56bfc062723c751e8b465ee728b)
Start importing Assets/Scripts/HandheldItems/Weapons/Magnum/MagnumWeapon.prefab using Guid(7de5b79a3ad965041a85167734cf075b) Importer(815301076,1909f56bfc062723c751e8b465ee728b)  -> (artifact id: '37d496ad0bc43b7870698cebee93c880') in 0.001491 seconds
Number of updated asset objects reloaded before import = 0
Number of asset objects unloaded after import = 5
========================================================================
Received Import Request.
  Time since last request: 0.592094 seconds.
  path: Assets/Scripts/HandheldItems/Weapons/Magnum/MagnumWeapon.prefab
  artifactKey: Guid(7de5b79a3ad965041a85167734cf075b) Importer(815301076,1909f56bfc062723c751e8b465ee728b)
Start importing Assets/Scripts/HandheldItems/Weapons/Magnum/MagnumWeapon.prefab using Guid(7de5b79a3ad965041a85167734cf075b) Importer(815301076,1909f56bfc062723c751e8b465ee728b)  -> (artifact id: '2f4e435eac261720cae14caf26336001') in 0.001455 seconds
Number of updated asset objects reloaded before import = 0
Number of asset objects unloaded after import = 5
========================================================================
Received Import Request.
  Time since last request: 8.265980 seconds.
  path: Assets/Scripts/HandheldItems/Weapons/Magnum/MagnumWeapon.prefab
  artifactKey: Guid(7de5b79a3ad965041a85167734cf075b) Importer(815301076,1909f56bfc062723c751e8b465ee728b)
Start importing Assets/Scripts/HandheldItems/Weapons/Magnum/MagnumWeapon.prefab using Guid(7de5b79a3ad965041a85167734cf075b) Importer(815301076,1909f56bfc062723c751e8b465ee728b)  -> (artifact id: 'e5ce83b540a246d7ebeeb15c3ea9b91e') in 0.001596 seconds
Number of updated asset objects reloaded before import = 0
Number of asset objects unloaded after import = 5
========================================================================
Received Import Request.
  Time since last request: 0.399555 seconds.
  path: Assets/Scripts/HandheldItems/Weapons/Magnum/MagnumWeapon.prefab
  artifactKey: Guid(7de5b79a3ad965041a85167734cf075b) Importer(815301076,1909f56bfc062723c751e8b465ee728b)
Start importing Assets/Scripts/HandheldItems/Weapons/Magnum/MagnumWeapon.prefab using Guid(7de5b79a3ad965041a85167734cf075b) Importer(815301076,1909f56bfc062723c751e8b465ee728b)  -> (artifact id: 'd81b30badd6d582f6290213fd581ea24') in 0.001739 seconds
Number of updated asset objects reloaded before import = 0
Number of asset objects unloaded after import = 5
========================================================================
Received Import Request.
  Time since last request: 0.192607 seconds.
  path: Assets/Scripts/HandheldItems/Weapons/Magnum/MagnumWeapon.prefab
  artifactKey: Guid(7de5b79a3ad965041a85167734cf075b) Importer(815301076,1909f56bfc062723c751e8b465ee728b)
Start importing Assets/Scripts/HandheldItems/Weapons/Magnum/MagnumWeapon.prefab using Guid(7de5b79a3ad965041a85167734cf075b) Importer(815301076,1909f56bfc062723c751e8b465ee728b)  -> (artifact id: 'c7b7dce8831d7aab78606ddef939db6b') in 0.001494 seconds
Number of updated asset objects reloaded before import = 0
Number of asset objects unloaded after import = 5
========================================================================
Received Import Request.
  Time since last request: 0.599371 seconds.
  path: Assets/Scripts/HandheldItems/Weapons/Magnum/MagnumWeapon.prefab
  artifactKey: Guid(7de5b79a3ad965041a85167734cf075b) Importer(815301076,1909f56bfc062723c751e8b465ee728b)
Start importing Assets/Scripts/HandheldItems/Weapons/Magnum/MagnumWeapon.prefab using Guid(7de5b79a3ad965041a85167734cf075b) Importer(815301076,1909f56bfc062723c751e8b465ee728b)  -> (artifact id: '9d6f331707b5794bb56955c90c6781b8') in 0.001533 seconds
Number of updated asset objects reloaded before import = 0
Number of asset objects unloaded after import = 5
========================================================================
Received Import Request.
  Time since last request: 0.195641 seconds.
  path: Assets/Scripts/HandheldItems/Weapons/Magnum/MagnumWeapon.prefab
  artifactKey: Guid(7de5b79a3ad965041a85167734cf075b) Importer(815301076,1909f56bfc062723c751e8b465ee728b)
Start importing Assets/Scripts/HandheldItems/Weapons/Magnum/MagnumWeapon.prefab using Guid(7de5b79a3ad965041a85167734cf075b) Importer(815301076,1909f56bfc062723c751e8b465ee728b)  -> (artifact id: 'b90ae47634fdc243924612ae63412591') in 0.001642 seconds
Number of updated asset objects reloaded before import = 0
Number of asset objects unloaded after import = 5
========================================================================
Received Import Request.
  Time since last request: 5.236529 seconds.
  path: Assets/Scripts/HandheldItems/Weapons/Magnum/MagnumWeapon.prefab
  artifactKey: Guid(7de5b79a3ad965041a85167734cf075b) Importer(815301076,1909f56bfc062723c751e8b465ee728b)
Start importing Assets/Scripts/HandheldItems/Weapons/Magnum/MagnumWeapon.prefab using Guid(7de5b79a3ad965041a85167734cf075b) Importer(815301076,1909f56bfc062723c751e8b465ee728b)  -> (artifact id: '79030b8d43c5127f6a8bcd89f694a15a') in 0.001416 seconds
Number of updated asset objects reloaded before import = 0
Number of asset objects unloaded after import = 5
========================================================================
Received Import Request.
  Time since last request: 0.192154 seconds.
  path: Assets/Scripts/HandheldItems/Weapons/Magnum/MagnumWeapon.prefab
  artifactKey: Guid(7de5b79a3ad965041a85167734cf075b) Importer(815301076,1909f56bfc062723c751e8b465ee728b)
Start importing Assets/Scripts/HandheldItems/Weapons/Magnum/MagnumWeapon.prefab using Guid(7de5b79a3ad965041a85167734cf075b) Importer(815301076,1909f56bfc062723c751e8b465ee728b)  -> (artifact id: 'ba6125ae013f58a45849c35ab6339d7d') in 0.001540 seconds
Number of updated asset objects reloaded before import = 0
Number of asset objects unloaded after import = 5
========================================================================
Received Import Request.
  Time since last request: 1.409808 seconds.
  path: Assets/Scripts/HandheldItems/Weapons/Magnum/MagnumWeapon.prefab
  artifactKey: Guid(7de5b79a3ad965041a85167734cf075b) Importer(815301076,1909f56bfc062723c751e8b465ee728b)
Start importing Assets/Scripts/HandheldItems/Weapons/Magnum/MagnumWeapon.prefab using Guid(7de5b79a3ad965041a85167734cf075b) Importer(815301076,1909f56bfc062723c751e8b465ee728b)  -> (artifact id: '7391c91ac5f911690d988e54670da621') in 0.001389 seconds
Number of updated asset objects reloaded before import = 0
Number of asset objects unloaded after import = 5
========================================================================
Received Import Request.
  Time since last request: 9.868814 seconds.
  path: Assets/Scripts/HandheldItems/Weapons/Magnum/MagnumWeapon.prefab
  artifactKey: Guid(7de5b79a3ad965041a85167734cf075b) Importer(815301076,1909f56bfc062723c751e8b465ee728b)
Start importing Assets/Scripts/HandheldItems/Weapons/Magnum/MagnumWeapon.prefab using Guid(7de5b79a3ad965041a85167734cf075b) Importer(815301076,1909f56bfc062723c751e8b465ee728b)  -> (artifact id: '8e5c4d865f1beac16c99db4b63270160') in 0.001647 seconds
Number of updated asset objects reloaded before import = 0
Number of asset objects unloaded after import = 5
========================================================================
Received Import Request.
  Time since last request: 1.201969 seconds.
  path: Assets/Scripts/HandheldItems/Weapons/Magnum/MagnumWeapon.prefab
  artifactKey: Guid(7de5b79a3ad965041a85167734cf075b) Importer(815301076,1909f56bfc062723c751e8b465ee728b)
Start importing Assets/Scripts/HandheldItems/Weapons/Magnum/MagnumWeapon.prefab using Guid(7de5b79a3ad965041a85167734cf075b) Importer(815301076,1909f56bfc062723c751e8b465ee728b)  -> (artifact id: '8e0f80962233e6e9453dbe1824bf9883') in 0.001756 seconds
Number of updated asset objects reloaded before import = 0
Number of asset objects unloaded after import = 5
========================================================================
Received Import Request.
  Time since last request: 8.266277 seconds.
  path: Assets/Scripts/HandheldItems/Weapons/Magnum/MagnumWeapon.prefab
  artifactKey: Guid(7de5b79a3ad965041a85167734cf075b) Importer(815301076,1909f56bfc062723c751e8b465ee728b)
Start importing Assets/Scripts/HandheldItems/Weapons/Magnum/MagnumWeapon.prefab using Guid(7de5b79a3ad965041a85167734cf075b) Importer(815301076,1909f56bfc062723c751e8b465ee728b)  -> (artifact id: 'ade5b059cd3b684a2a29899b7609fb4a') in 0.001646 seconds
Number of updated asset objects reloaded before import = 0
Number of asset objects unloaded after import = 5
========================================================================
Received Import Request.
  Time since last request: 2.218486 seconds.
  path: Assets/Scripts/HandheldItems/Weapons/Magnum/MagnumWeapon.prefab
  artifactKey: Guid(7de5b79a3ad965041a85167734cf075b) Importer(815301076,1909f56bfc062723c751e8b465ee728b)
Start importing Assets/Scripts/HandheldItems/Weapons/Magnum/MagnumWeapon.prefab using Guid(7de5b79a3ad965041a85167734cf075b) Importer(815301076,1909f56bfc062723c751e8b465ee728b)  -> (artifact id: 'e414ab7f194296da84a1cd9078982b4b') in 0.001507 seconds
Number of updated asset objects reloaded before import = 0
Number of asset objects unloaded after import = 5
========================================================================
Received Import Request.
  Time since last request: 6.851401 seconds.
  path: Assets/Scripts/HandheldItems/Weapons/Magnum/MagnumWeapon.prefab
  artifactKey: Guid(7de5b79a3ad965041a85167734cf075b) Importer(815301076,1909f56bfc062723c751e8b465ee728b)
Start importing Assets/Scripts/HandheldItems/Weapons/Magnum/MagnumWeapon.prefab using Guid(7de5b79a3ad965041a85167734cf075b) Importer(815301076,1909f56bfc062723c751e8b465ee728b)  -> (artifact id: '1dff0fd195457e8c214eaee15fd09068') in 0.001498 seconds
Number of updated asset objects reloaded before import = 0
Number of asset objects unloaded after import = 5
========================================================================
Received Import Request.
  Time since last request: 23.484172 seconds.
  path: Assets/Scripts/HandheldItems/Weapons/Magnum/MagnumWeapon.prefab
  artifactKey: Guid(7de5b79a3ad965041a85167734cf075b) Importer(815301076,1909f56bfc062723c751e8b465ee728b)
Start importing Assets/Scripts/HandheldItems/Weapons/Magnum/MagnumWeapon.prefab using Guid(7de5b79a3ad965041a85167734cf075b) Importer(815301076,1909f56bfc062723c751e8b465ee728b)  -> (artifact id: '0ac3e207c2e2872702a1d5bbd0b769c8') in 0.002132 seconds
Number of updated asset objects reloaded before import = 0
Number of asset objects unloaded after import = 5
========================================================================
Received Import Request.
  Time since last request: 0.394950 seconds.
  path: Assets/Scripts/HandheldItems/Weapons/Magnum/MagnumWeapon.prefab
  artifactKey: Guid(7de5b79a3ad965041a85167734cf075b) Importer(815301076,1909f56bfc062723c751e8b465ee728b)
Start importing Assets/Scripts/HandheldItems/Weapons/Magnum/MagnumWeapon.prefab using Guid(7de5b79a3ad965041a85167734cf075b) Importer(815301076,1909f56bfc062723c751e8b465ee728b)  -> (artifact id: '3746db9e8c4b6eefca0d37304aa90b38') in 0.001705 seconds
Number of updated asset objects reloaded before import = 0
Number of asset objects unloaded after import = 5
========================================================================
Received Import Request.
  Time since last request: 0.598260 seconds.
  path: Assets/Scripts/HandheldItems/Weapons/Magnum/MagnumWeapon.prefab
  artifactKey: Guid(7de5b79a3ad965041a85167734cf075b) Importer(815301076,1909f56bfc062723c751e8b465ee728b)
Start importing Assets/Scripts/HandheldItems/Weapons/Magnum/MagnumWeapon.prefab using Guid(7de5b79a3ad965041a85167734cf075b) Importer(815301076,1909f56bfc062723c751e8b465ee728b)  -> (artifact id: '3ab0b1cd31a29dba19927438650e0d85') in 0.001493 seconds
Number of updated asset objects reloaded before import = 0
Number of asset objects unloaded after import = 5
========================================================================
Received Import Request.
  Time since last request: 0.196925 seconds.
  path: Assets/Scripts/HandheldItems/Weapons/Magnum/MagnumWeapon.prefab
  artifactKey: Guid(7de5b79a3ad965041a85167734cf075b) Importer(815301076,1909f56bfc062723c751e8b465ee728b)
Start importing Assets/Scripts/HandheldItems/Weapons/Magnum/MagnumWeapon.prefab using Guid(7de5b79a3ad965041a85167734cf075b) Importer(815301076,1909f56bfc062723c751e8b465ee728b)  -> (artifact id: 'db01451ef3b3ed0f88dfccde22586549') in 0.001461 seconds
Number of updated asset objects reloaded before import = 0
Number of asset objects unloaded after import = 5
========================================================================
Received Import Request.
  Time since last request: 0.194088 seconds.
  path: Assets/Scripts/HandheldItems/Weapons/Magnum/MagnumWeapon.prefab
  artifactKey: Guid(7de5b79a3ad965041a85167734cf075b) Importer(815301076,1909f56bfc062723c751e8b465ee728b)
Start importing Assets/Scripts/HandheldItems/Weapons/Magnum/MagnumWeapon.prefab using Guid(7de5b79a3ad965041a85167734cf075b) Importer(815301076,1909f56bfc062723c751e8b465ee728b)  -> (artifact id: '5e0bfd8f7b12e23b59b255dd134a7fcc') in 0.001618 seconds
Number of updated asset objects reloaded before import = 0
Number of asset objects unloaded after import = 5
========================================================================
Received Import Request.
  Time since last request: 0.807091 seconds.
  path: Assets/Scripts/HandheldItems/Weapons/Magnum/MagnumWeapon.prefab
  artifactKey: Guid(7de5b79a3ad965041a85167734cf075b) Importer(815301076,1909f56bfc062723c751e8b465ee728b)
Start importing Assets/Scripts/HandheldItems/Weapons/Magnum/MagnumWeapon.prefab using Guid(7de5b79a3ad965041a85167734cf075b) Importer(815301076,1909f56bfc062723c751e8b465ee728b)  -> (artifact id: 'a9ca98a92f7ea7dd6b6bf3ef41e0ad32') in 0.001670 seconds
Number of updated asset objects reloaded before import = 0
Number of asset objects unloaded after import = 5
========================================================================
Received Import Request.
  Time since last request: 0.199359 seconds.
  path: Assets/Scripts/HandheldItems/Weapons/Magnum/MagnumWeapon.prefab
  artifactKey: Guid(7de5b79a3ad965041a85167734cf075b) Importer(815301076,1909f56bfc062723c751e8b465ee728b)
Start importing Assets/Scripts/HandheldItems/Weapons/Magnum/MagnumWeapon.prefab using Guid(7de5b79a3ad965041a85167734cf075b) Importer(815301076,1909f56bfc062723c751e8b465ee728b)  -> (artifact id: 'fb112eb789e4a655fcbbe88a5af4a2fa') in 0.001637 seconds
Number of updated asset objects reloaded before import = 0
Number of asset objects unloaded after import = 5
========================================================================
Received Import Request.
  Time since last request: 0.195510 seconds.
  path: Assets/Scripts/HandheldItems/Weapons/Magnum/MagnumWeapon.prefab
  artifactKey: Guid(7de5b79a3ad965041a85167734cf075b) Importer(815301076,1909f56bfc062723c751e8b465ee728b)
Start importing Assets/Scripts/HandheldItems/Weapons/Magnum/MagnumWeapon.prefab using Guid(7de5b79a3ad965041a85167734cf075b) Importer(815301076,1909f56bfc062723c751e8b465ee728b)  -> (artifact id: 'c6dff346002520baae69f5beca932c20') in 0.001472 seconds
Number of updated asset objects reloaded before import = 0
Number of asset objects unloaded after import = 5
========================================================================
Received Import Request.
  Time since last request: 8.247113 seconds.
  path: Assets/Scripts/HandheldItems/Weapons/Magnum/MagnumWeapon.prefab
  artifactKey: Guid(7de5b79a3ad965041a85167734cf075b) Importer(815301076,1909f56bfc062723c751e8b465ee728b)
Start importing Assets/Scripts/HandheldItems/Weapons/Magnum/MagnumWeapon.prefab using Guid(7de5b79a3ad965041a85167734cf075b) Importer(815301076,1909f56bfc062723c751e8b465ee728b)  -> (artifact id: 'c1b2f1bae8525e92f1951e277f4087b2') in 0.001661 seconds
Number of updated asset objects reloaded before import = 0
Number of asset objects unloaded after import = 5
========================================================================
Received Import Request.
  Time since last request: 0.592891 seconds.
  path: Assets/Scripts/HandheldItems/Weapons/Magnum/MagnumWeapon.prefab
  artifactKey: Guid(7de5b79a3ad965041a85167734cf075b) Importer(815301076,1909f56bfc062723c751e8b465ee728b)
Start importing Assets/Scripts/HandheldItems/Weapons/Magnum/MagnumWeapon.prefab using Guid(7de5b79a3ad965041a85167734cf075b) Importer(815301076,1909f56bfc062723c751e8b465ee728b)  -> (artifact id: 'b7d01d14de13b3be18bd9445ffad9a5b') in 0.001610 seconds
Number of updated asset objects reloaded before import = 0
Number of asset objects unloaded after import = 5
========================================================================
Received Import Request.
  Time since last request: 0.198969 seconds.
  path: Assets/Scripts/HandheldItems/Weapons/Magnum/MagnumWeapon.prefab
  artifactKey: Guid(7de5b79a3ad965041a85167734cf075b) Importer(815301076,1909f56bfc062723c751e8b465ee728b)
Start importing Assets/Scripts/HandheldItems/Weapons/Magnum/MagnumWeapon.prefab using Guid(7de5b79a3ad965041a85167734cf075b) Importer(815301076,1909f56bfc062723c751e8b465ee728b)  -> (artifact id: '3e6af8be64bf5bf4e3daab1b039d8aee') in 0.001486 seconds
Number of updated asset objects reloaded before import = 0
Number of asset objects unloaded after import = 5
========================================================================
Received Import Request.
  Time since last request: 1.606070 seconds.
  path: Assets/Scripts/HandheldItems/Weapons/Magnum/MagnumWeapon.prefab
  artifactKey: Guid(7de5b79a3ad965041a85167734cf075b) Importer(815301076,1909f56bfc062723c751e8b465ee728b)
Start importing Assets/Scripts/HandheldItems/Weapons/Magnum/MagnumWeapon.prefab using Guid(7de5b79a3ad965041a85167734cf075b) Importer(815301076,1909f56bfc062723c751e8b465ee728b)  -> (artifact id: '1f7f9506233a1687c5d2387e7d9c2daa') in 0.001526 seconds
Number of updated asset objects reloaded before import = 0
Number of asset objects unloaded after import = 5
========================================================================
Received Import Request.
  Time since last request: 9.068959 seconds.
  path: Assets/Scripts/HandheldItems/Weapons/Magnum/MagnumWeapon.prefab
  artifactKey: Guid(7de5b79a3ad965041a85167734cf075b) Importer(815301076,1909f56bfc062723c751e8b465ee728b)
Start importing Assets/Scripts/HandheldItems/Weapons/Magnum/MagnumWeapon.prefab using Guid(7de5b79a3ad965041a85167734cf075b) Importer(815301076,1909f56bfc062723c751e8b465ee728b)  -> (artifact id: 'ea1d3b532e0c0197166f67b9d36c934d') in 0.001543 seconds
Number of updated asset objects reloaded before import = 0
Number of asset objects unloaded after import = 5
========================================================================
Received Import Request.
  Time since last request: 0.194448 seconds.
  path: Assets/Scripts/HandheldItems/Weapons/Magnum/MagnumWeapon.prefab
  artifactKey: Guid(7de5b79a3ad965041a85167734cf075b) Importer(815301076,1909f56bfc062723c751e8b465ee728b)
Start importing Assets/Scripts/HandheldItems/Weapons/Magnum/MagnumWeapon.prefab using Guid(7de5b79a3ad965041a85167734cf075b) Importer(815301076,1909f56bfc062723c751e8b465ee728b)  -> (artifact id: '5753a29852e92d6a3e44c86bec08d109') in 0.001380 seconds
Number of updated asset objects reloaded before import = 0
Number of asset objects unloaded after import = 5
========================================================================
Received Import Request.
  Time since last request: 0.798318 seconds.
  path: Assets/Scripts/HandheldItems/Weapons/Magnum/MagnumWeapon.prefab
  artifactKey: Guid(7de5b79a3ad965041a85167734cf075b) Importer(815301076,1909f56bfc062723c751e8b465ee728b)
Start importing Assets/Scripts/HandheldItems/Weapons/Magnum/MagnumWeapon.prefab using Guid(7de5b79a3ad965041a85167734cf075b) Importer(815301076,1909f56bfc062723c751e8b465ee728b)  -> (artifact id: '76dab1e2eab68a213d44c19693f6a540') in 0.001646 seconds
Number of updated asset objects reloaded before import = 0
Number of asset objects unloaded after import = 5
========================================================================
Received Import Request.
  Time since last request: 0.195539 seconds.
  path: Assets/Scripts/HandheldItems/Weapons/Magnum/MagnumWeapon.prefab
  artifactKey: Guid(7de5b79a3ad965041a85167734cf075b) Importer(815301076,1909f56bfc062723c751e8b465ee728b)
Start importing Assets/Scripts/HandheldItems/Weapons/Magnum/MagnumWeapon.prefab using Guid(7de5b79a3ad965041a85167734cf075b) Importer(815301076,1909f56bfc062723c751e8b465ee728b)  -> (artifact id: '66b52fec0fc2df08d40508ff94be2436') in 0.001535 seconds
Number of updated asset objects reloaded before import = 0
Number of asset objects unloaded after import = 5
========================================================================
Received Import Request.
  Time since last request: 4.028656 seconds.
  path: Assets/Scripts/HandheldItems/Weapons/Magnum/MagnumWeapon.prefab
  artifactKey: Guid(7de5b79a3ad965041a85167734cf075b) Importer(815301076,1909f56bfc062723c751e8b465ee728b)
Start importing Assets/Scripts/HandheldItems/Weapons/Magnum/MagnumWeapon.prefab using Guid(7de5b79a3ad965041a85167734cf075b) Importer(815301076,1909f56bfc062723c751e8b465ee728b)  -> (artifact id: '10ee0f5124d2249b120031f59d137b48') in 0.001531 seconds
Number of updated asset objects reloaded before import = 0
Number of asset objects unloaded after import = 5
========================================================================
Received Import Request.
  Time since last request: 7.659184 seconds.
  path: Assets/Scripts/HandheldItems/Weapons/Magnum/MagnumWeapon.prefab
  artifactKey: Guid(7de5b79a3ad965041a85167734cf075b) Importer(815301076,1909f56bfc062723c751e8b465ee728b)
Start importing Assets/Scripts/HandheldItems/Weapons/Magnum/MagnumWeapon.prefab using Guid(7de5b79a3ad965041a85167734cf075b) Importer(815301076,1909f56bfc062723c751e8b465ee728b)  -> (artifact id: 'd8afbe956880a4d91ae6a5c1c3eb6029') in 0.002002 seconds
Number of updated asset objects reloaded before import = 0
Number of asset objects unloaded after import = 5
========================================================================
Received Import Request.
  Time since last request: 8.265665 seconds.
  path: Assets/Scripts/HandheldItems/Weapons/Magnum/MagnumWeapon.prefab
  artifactKey: Guid(7de5b79a3ad965041a85167734cf075b) Importer(815301076,1909f56bfc062723c751e8b465ee728b)
Start importing Assets/Scripts/HandheldItems/Weapons/Magnum/MagnumWeapon.prefab using Guid(7de5b79a3ad965041a85167734cf075b) Importer(815301076,1909f56bfc062723c751e8b465ee728b)  -> (artifact id: 'fc4a3b3cd0b2e25cf49f02652642cb46') in 0.001727 seconds
Number of updated asset objects reloaded before import = 0
Number of asset objects unloaded after import = 5
========================================================================
Received Import Request.
  Time since last request: 0.394111 seconds.
  path: Assets/Scripts/HandheldItems/Weapons/Magnum/MagnumWeapon.prefab
  artifactKey: Guid(7de5b79a3ad965041a85167734cf075b) Importer(815301076,1909f56bfc062723c751e8b465ee728b)
Start importing Assets/Scripts/HandheldItems/Weapons/Magnum/MagnumWeapon.prefab using Guid(7de5b79a3ad965041a85167734cf075b) Importer(815301076,1909f56bfc062723c751e8b465ee728b)  -> (artifact id: '5952076ecbcf5a80e943aa275cc5c4b5') in 0.002004 seconds
Number of updated asset objects reloaded before import = 0
Number of asset objects unloaded after import = 5
========================================================================
Received Import Request.
  Time since last request: 0.196742 seconds.
  path: Assets/Scripts/HandheldItems/Weapons/Magnum/MagnumWeapon.prefab
  artifactKey: Guid(7de5b79a3ad965041a85167734cf075b) Importer(815301076,1909f56bfc062723c751e8b465ee728b)
Start importing Assets/Scripts/HandheldItems/Weapons/Magnum/MagnumWeapon.prefab using Guid(7de5b79a3ad965041a85167734cf075b) Importer(815301076,1909f56bfc062723c751e8b465ee728b)  -> (artifact id: 'd3cbdcf3c76d1dbeef1712908a520c34') in 0.001445 seconds
Number of updated asset objects reloaded before import = 0
Number of asset objects unloaded after import = 5
========================================================================
Received Import Request.
  Time since last request: 1.409001 seconds.
  path: Assets/Scripts/HandheldItems/Weapons/Magnum/MagnumWeapon.prefab
  artifactKey: Guid(7de5b79a3ad965041a85167734cf075b) Importer(815301076,1909f56bfc062723c751e8b465ee728b)
Start importing Assets/Scripts/HandheldItems/Weapons/Magnum/MagnumWeapon.prefab using Guid(7de5b79a3ad965041a85167734cf075b) Importer(815301076,1909f56bfc062723c751e8b465ee728b)  -> (artifact id: '5ace58121d626b09a5a4c7deef1ef44a') in 0.001521 seconds
Number of updated asset objects reloaded before import = 0
Number of asset objects unloaded after import = 5
========================================================================
Received Import Request.
  Time since last request: 0.196411 seconds.
  path: Assets/Scripts/HandheldItems/Weapons/Magnum/MagnumWeapon.prefab
  artifactKey: Guid(7de5b79a3ad965041a85167734cf075b) Importer(815301076,1909f56bfc062723c751e8b465ee728b)
Start importing Assets/Scripts/HandheldItems/Weapons/Magnum/MagnumWeapon.prefab using Guid(7de5b79a3ad965041a85167734cf075b) Importer(815301076,1909f56bfc062723c751e8b465ee728b)  -> (artifact id: 'ea972ea96b28184a75a3b30aa182c8b4') in 0.001580 seconds
Number of updated asset objects reloaded before import = 0
Number of asset objects unloaded after import = 5
========================================================================
Received Import Request.
  Time since last request: 0.795766 seconds.
  path: Assets/Scripts/HandheldItems/Weapons/Magnum/MagnumWeapon.prefab
  artifactKey: Guid(7de5b79a3ad965041a85167734cf075b) Importer(815301076,1909f56bfc062723c751e8b465ee728b)
Start importing Assets/Scripts/HandheldItems/Weapons/Magnum/MagnumWeapon.prefab using Guid(7de5b79a3ad965041a85167734cf075b) Importer(815301076,1909f56bfc062723c751e8b465ee728b)  -> (artifact id: '484750f03d6bbdd248e960d1faa8330f') in 0.001983 seconds
Number of updated asset objects reloaded before import = 0
Number of asset objects unloaded after import = 5
========================================================================
Received Import Request.
  Time since last request: 0.394269 seconds.
  path: Assets/Scripts/HandheldItems/Weapons/Magnum/MagnumWeapon.prefab
  artifactKey: Guid(7de5b79a3ad965041a85167734cf075b) Importer(815301076,1909f56bfc062723c751e8b465ee728b)
Start importing Assets/Scripts/HandheldItems/Weapons/Magnum/MagnumWeapon.prefab using Guid(7de5b79a3ad965041a85167734cf075b) Importer(815301076,1909f56bfc062723c751e8b465ee728b)  -> (artifact id: 'c692ede76cb545fab2da3e920bce2251') in 0.001922 seconds
Number of updated asset objects reloaded before import = 0
Number of asset objects unloaded after import = 5
========================================================================
Received Import Request.
  Time since last request: 0.199153 seconds.
  path: Assets/Scripts/HandheldItems/Weapons/Magnum/MagnumWeapon.prefab
  artifactKey: Guid(7de5b79a3ad965041a85167734cf075b) Importer(815301076,1909f56bfc062723c751e8b465ee728b)
Start importing Assets/Scripts/HandheldItems/Weapons/Magnum/MagnumWeapon.prefab using Guid(7de5b79a3ad965041a85167734cf075b) Importer(815301076,1909f56bfc062723c751e8b465ee728b)  -> (artifact id: '0fd079f0ea7891fb172a9df5f872e6ec') in 0.001725 seconds
Number of updated asset objects reloaded before import = 0
Number of asset objects unloaded after import = 5
========================================================================
Received Import Request.
  Time since last request: 1.802760 seconds.
  path: Assets/Scripts/HandheldItems/Weapons/Magnum/MagnumWeapon.prefab
  artifactKey: Guid(7de5b79a3ad965041a85167734cf075b) Importer(815301076,1909f56bfc062723c751e8b465ee728b)
Start importing Assets/Scripts/HandheldItems/Weapons/Magnum/MagnumWeapon.prefab using Guid(7de5b79a3ad965041a85167734cf075b) Importer(815301076,1909f56bfc062723c751e8b465ee728b)  -> (artifact id: '8da28528bb1281e25a3d10d853e61dce') in 0.001713 seconds
Number of updated asset objects reloaded before import = 0
Number of asset objects unloaded after import = 5
========================================================================
Received Import Request.
  Time since last request: 5.642821 seconds.
  path: Assets/Scripts/HandheldItems/Weapons/Magnum/MagnumWeapon.prefab
  artifactKey: Guid(7de5b79a3ad965041a85167734cf075b) Importer(815301076,1909f56bfc062723c751e8b465ee728b)
Start importing Assets/Scripts/HandheldItems/Weapons/Magnum/MagnumWeapon.prefab using Guid(7de5b79a3ad965041a85167734cf075b) Importer(815301076,1909f56bfc062723c751e8b465ee728b)  -> (artifact id: '4ce599cb0c326168b0f4fe370c3aaca4') in 0.001943 seconds
Number of updated asset objects reloaded before import = 0
Number of asset objects unloaded after import = 5
========================================================================
Received Import Request.
  Time since last request: 1.196531 seconds.
  path: Assets/Scripts/HandheldItems/Weapons/Magnum/MagnumWeapon.prefab
  artifactKey: Guid(7de5b79a3ad965041a85167734cf075b) Importer(815301076,1909f56bfc062723c751e8b465ee728b)
Start importing Assets/Scripts/HandheldItems/Weapons/Magnum/MagnumWeapon.prefab using Guid(7de5b79a3ad965041a85167734cf075b) Importer(815301076,1909f56bfc062723c751e8b465ee728b)  -> (artifact id: 'f71e1df0955f7261d5302289b5a3f30b') in 0.001486 seconds
Number of updated asset objects reloaded before import = 0
Number of asset objects unloaded after import = 5
========================================================================
Received Import Request.
  Time since last request: 1.412974 seconds.
  path: Assets/Scripts/HandheldItems/Weapons/Magnum/MagnumWeapon.prefab
  artifactKey: Guid(7de5b79a3ad965041a85167734cf075b) Importer(815301076,1909f56bfc062723c751e8b465ee728b)
Start importing Assets/Scripts/HandheldItems/Weapons/Magnum/MagnumWeapon.prefab using Guid(7de5b79a3ad965041a85167734cf075b) Importer(815301076,1909f56bfc062723c751e8b465ee728b)  -> (artifact id: '82ff0397698dfbb64f17def37b4f28d5') in 0.001660 seconds
Number of updated asset objects reloaded before import = 0
Number of asset objects unloaded after import = 5
========================================================================
Received Import Request.
  Time since last request: 0.191524 seconds.
  path: Assets/Scripts/HandheldItems/Weapons/Magnum/MagnumWeapon.prefab
  artifactKey: Guid(7de5b79a3ad965041a85167734cf075b) Importer(815301076,1909f56bfc062723c751e8b465ee728b)
Start importing Assets/Scripts/HandheldItems/Weapons/Magnum/MagnumWeapon.prefab using Guid(7de5b79a3ad965041a85167734cf075b) Importer(815301076,1909f56bfc062723c751e8b465ee728b)  -> (artifact id: '9316a6c4727a4c83174c1cfec84dd4a4') in 0.001573 seconds
Number of updated asset objects reloaded before import = 0
Number of asset objects unloaded after import = 5
========================================================================
Received Import Request.
  Time since last request: 5.231303 seconds.
  path: Assets/Scripts/HandheldItems/Weapons/Magnum/MagnumWeapon.prefab
  artifactKey: Guid(7de5b79a3ad965041a85167734cf075b) Importer(815301076,1909f56bfc062723c751e8b465ee728b)
Start importing Assets/Scripts/HandheldItems/Weapons/Magnum/MagnumWeapon.prefab using Guid(7de5b79a3ad965041a85167734cf075b) Importer(815301076,1909f56bfc062723c751e8b465ee728b)  -> (artifact id: '5526b3f931f7fb9adfc5db158089c6f4') in 0.001661 seconds
Number of updated asset objects reloaded before import = 0
Number of asset objects unloaded after import = 5
========================================================================
Received Import Request.
  Time since last request: 0.195427 seconds.
  path: Assets/Scripts/HandheldItems/Weapons/Magnum/MagnumWeapon.prefab
  artifactKey: Guid(7de5b79a3ad965041a85167734cf075b) Importer(815301076,1909f56bfc062723c751e8b465ee728b)
Start importing Assets/Scripts/HandheldItems/Weapons/Magnum/MagnumWeapon.prefab using Guid(7de5b79a3ad965041a85167734cf075b) Importer(815301076,1909f56bfc062723c751e8b465ee728b)  -> (artifact id: 'be767ebeaa9257fa77db001338401fd1') in 0.001704 seconds
Number of updated asset objects reloaded before import = 0
Number of asset objects unloaded after import = 5
========================================================================
Received Import Request.
  Time since last request: 7.659103 seconds.
  path: Assets/Scripts/HandheldItems/Weapons/Magnum/MagnumWeapon.prefab
  artifactKey: Guid(7de5b79a3ad965041a85167734cf075b) Importer(815301076,1909f56bfc062723c751e8b465ee728b)
Start importing Assets/Scripts/HandheldItems/Weapons/Magnum/MagnumWeapon.prefab using Guid(7de5b79a3ad965041a85167734cf075b) Importer(815301076,1909f56bfc062723c751e8b465ee728b)  -> (artifact id: '28753553287cdf303f56f20da49dc31b') in 0.001767 seconds
Number of updated asset objects reloaded before import = 0
Number of asset objects unloaded after import = 5
========================================================================
Received Import Request.
  Time since last request: 2.421395 seconds.
  path: Assets/Scripts/HandheldItems/Weapons/Magnum/MagnumWeapon.prefab
  artifactKey: Guid(7de5b79a3ad965041a85167734cf075b) Importer(815301076,1909f56bfc062723c751e8b465ee728b)
Start importing Assets/Scripts/HandheldItems/Weapons/Magnum/MagnumWeapon.prefab using Guid(7de5b79a3ad965041a85167734cf075b) Importer(815301076,1909f56bfc062723c751e8b465ee728b)  -> (artifact id: '04edd1bb0a5a232250f6e2bb7bf314e4') in 0.001540 seconds
Number of updated asset objects reloaded before import = 0
Number of asset objects unloaded after import = 5
========================================================================
Received Import Request.
  Time since last request: 3.828533 seconds.
  path: Assets/Scripts/HandheldItems/Weapons/Magnum/MagnumWeapon.prefab
  artifactKey: Guid(7de5b79a3ad965041a85167734cf075b) Importer(815301076,1909f56bfc062723c751e8b465ee728b)
Start importing Assets/Scripts/HandheldItems/Weapons/Magnum/MagnumWeapon.prefab using Guid(7de5b79a3ad965041a85167734cf075b) Importer(815301076,1909f56bfc062723c751e8b465ee728b)  -> (artifact id: 'be9c138b2c25607fff1526fe279d6bcc') in 0.001597 seconds
Number of updated asset objects reloaded before import = 0
Number of asset objects unloaded after import = 5
========================================================================
Received Import Request.
  Time since last request: 3.618729 seconds.
  path: Assets/Scripts/HandheldItems/Weapons/Magnum/MagnumWeapon.prefab
  artifactKey: Guid(7de5b79a3ad965041a85167734cf075b) Importer(815301076,1909f56bfc062723c751e8b465ee728b)
Start importing Assets/Scripts/HandheldItems/Weapons/Magnum/MagnumWeapon.prefab using Guid(7de5b79a3ad965041a85167734cf075b) Importer(815301076,1909f56bfc062723c751e8b465ee728b)  -> (artifact id: 'f7c5ce161c3000ad4fecfd44965004ac') in 0.001711 seconds
Number of updated asset objects reloaded before import = 0
Number of asset objects unloaded after import = 5
========================================================================
Received Import Request.
  Time since last request: 12.686447 seconds.
  path: Assets/Scripts/HandheldItems/Weapons/Magnum/MagnumWeapon.prefab
  artifactKey: Guid(7de5b79a3ad965041a85167734cf075b) Importer(815301076,1909f56bfc062723c751e8b465ee728b)
Start importing Assets/Scripts/HandheldItems/Weapons/Magnum/MagnumWeapon.prefab using Guid(7de5b79a3ad965041a85167734cf075b) Importer(815301076,1909f56bfc062723c751e8b465ee728b)  -> (artifact id: '0f044a7ab66aa3c5fcea84f60250b5ba') in 0.001616 seconds
Number of updated asset objects reloaded before import = 0
Number of asset objects unloaded after import = 5
========================================================================
Received Import Request.
  Time since last request: 0.195025 seconds.
  path: Assets/Scripts/HandheldItems/Weapons/Magnum/MagnumWeapon.prefab
  artifactKey: Guid(7de5b79a3ad965041a85167734cf075b) Importer(815301076,1909f56bfc062723c751e8b465ee728b)
Start importing Assets/Scripts/HandheldItems/Weapons/Magnum/MagnumWeapon.prefab using Guid(7de5b79a3ad965041a85167734cf075b) Importer(815301076,1909f56bfc062723c751e8b465ee728b)  -> (artifact id: 'd2e76c43ce84222d18886e69bf35064d') in 0.001640 seconds
Number of updated asset objects reloaded before import = 0
Number of asset objects unloaded after import = 5
========================================================================
Received Import Request.
  Time since last request: 5.246964 seconds.
  path: Assets/Scripts/HandheldItems/Weapons/Magnum/MagnumWeapon.prefab
  artifactKey: Guid(7de5b79a3ad965041a85167734cf075b) Importer(815301076,1909f56bfc062723c751e8b465ee728b)
Start importing Assets/Scripts/HandheldItems/Weapons/Magnum/MagnumWeapon.prefab using Guid(7de5b79a3ad965041a85167734cf075b) Importer(815301076,1909f56bfc062723c751e8b465ee728b)  -> (artifact id: '30de0ec67eb2c6e130d5cf47c328e376') in 0.001613 seconds
Number of updated asset objects reloaded before import = 0
Number of asset objects unloaded after import = 5
========================================================================
Received Import Request.
  Time since last request: 3.218190 seconds.
  path: Assets/Scripts/HandheldItems/Weapons/Magnum/MagnumWeapon.prefab
  artifactKey: Guid(7de5b79a3ad965041a85167734cf075b) Importer(815301076,1909f56bfc062723c751e8b465ee728b)
Start importing Assets/Scripts/HandheldItems/Weapons/Magnum/MagnumWeapon.prefab using Guid(7de5b79a3ad965041a85167734cf075b) Importer(815301076,1909f56bfc062723c751e8b465ee728b)  -> (artifact id: '2cdc1a2dcf2a0724d5c9de6db1dd45c7') in 0.001620 seconds
Number of updated asset objects reloaded before import = 0
Number of asset objects unloaded after import = 5
========================================================================
Received Import Request.
  Time since last request: 0.197040 seconds.
  path: Assets/Scripts/HandheldItems/Weapons/Magnum/MagnumWeapon.prefab
  artifactKey: Guid(7de5b79a3ad965041a85167734cf075b) Importer(815301076,1909f56bfc062723c751e8b465ee728b)
Start importing Assets/Scripts/HandheldItems/Weapons/Magnum/MagnumWeapon.prefab using Guid(7de5b79a3ad965041a85167734cf075b) Importer(815301076,1909f56bfc062723c751e8b465ee728b)  -> (artifact id: 'a0a8ad647a6cc8e9c9ec599c66ea9b2d') in 0.001626 seconds
Number of updated asset objects reloaded before import = 0
Number of asset objects unloaded after import = 5
========================================================================
Received Import Request.
  Time since last request: 6.856022 seconds.
  path: Assets/Scripts/HandheldItems/Weapons/Magnum/MagnumWeapon.prefab
  artifactKey: Guid(7de5b79a3ad965041a85167734cf075b) Importer(815301076,1909f56bfc062723c751e8b465ee728b)
Start importing Assets/Scripts/HandheldItems/Weapons/Magnum/MagnumWeapon.prefab using Guid(7de5b79a3ad965041a85167734cf075b) Importer(815301076,1909f56bfc062723c751e8b465ee728b)  -> (artifact id: 'ca07c9c3aa1468125ea44c84c061ae65') in 0.001573 seconds
Number of updated asset objects reloaded before import = 0
Number of asset objects unloaded after import = 5
========================================================================
Received Import Request.
  Time since last request: 4.436660 seconds.
  path: Assets/Scripts/HandheldItems/Weapons/Magnum/MagnumWeapon.prefab
  artifactKey: Guid(7de5b79a3ad965041a85167734cf075b) Importer(815301076,1909f56bfc062723c751e8b465ee728b)
Start importing Assets/Scripts/HandheldItems/Weapons/Magnum/MagnumWeapon.prefab using Guid(7de5b79a3ad965041a85167734cf075b) Importer(815301076,1909f56bfc062723c751e8b465ee728b)  -> (artifact id: '0790c479e812b79f2ba19ec1e7d0d6f3') in 0.001479 seconds
Number of updated asset objects reloaded before import = 0
Number of asset objects unloaded after import = 5
========================================================================
Received Import Request.
  Time since last request: 4.644521 seconds.
  path: Assets/Scripts/HandheldItems/Weapons/Magnum/MagnumWeapon.prefab
  artifactKey: Guid(7de5b79a3ad965041a85167734cf075b) Importer(815301076,1909f56bfc062723c751e8b465ee728b)
Start importing Assets/Scripts/HandheldItems/Weapons/Magnum/MagnumWeapon.prefab using Guid(7de5b79a3ad965041a85167734cf075b) Importer(815301076,1909f56bfc062723c751e8b465ee728b)  -> (artifact id: '9cd9affea82ebe93e3283a03986e2541') in 0.001588 seconds
Number of updated asset objects reloaded before import = 0
Number of asset objects unloaded after import = 5
========================================================================
Received Import Request.
  Time since last request: 20.358140 seconds.
  path: Assets/Scripts/HandheldItems/Weapons/Magnum/MagnumWeapon.prefab
  artifactKey: Guid(7de5b79a3ad965041a85167734cf075b) Importer(815301076,1909f56bfc062723c751e8b465ee728b)
Start importing Assets/Scripts/HandheldItems/Weapons/Magnum/MagnumWeapon.prefab using Guid(7de5b79a3ad965041a85167734cf075b) Importer(815301076,1909f56bfc062723c751e8b465ee728b)  -> (artifact id: '41f3f649ebfad30718a51cc788521440') in 0.001558 seconds
Number of updated asset objects reloaded before import = 0
Number of asset objects unloaded after import = 5
========================================================================
Received Import Request.
  Time since last request: 0.601446 seconds.
  path: Assets/Scripts/HandheldItems/Weapons/Magnum/MagnumWeapon.prefab
  artifactKey: Guid(7de5b79a3ad965041a85167734cf075b) Importer(815301076,1909f56bfc062723c751e8b465ee728b)
Start importing Assets/Scripts/HandheldItems/Weapons/Magnum/MagnumWeapon.prefab using Guid(7de5b79a3ad965041a85167734cf075b) Importer(815301076,1909f56bfc062723c751e8b465ee728b)  -> (artifact id: 'f484f28be2ecd39de63b0e41a7286241') in 0.001512 seconds
Number of updated asset objects reloaded before import = 0
Number of asset objects unloaded after import = 5
========================================================================
Received Import Request.
  Time since last request: 1.398253 seconds.
  path: Assets/Scripts/HandheldItems/Weapons/Magnum/MagnumWeapon.prefab
  artifactKey: Guid(7de5b79a3ad965041a85167734cf075b) Importer(815301076,1909f56bfc062723c751e8b465ee728b)
Start importing Assets/Scripts/HandheldItems/Weapons/Magnum/MagnumWeapon.prefab using Guid(7de5b79a3ad965041a85167734cf075b) Importer(815301076,1909f56bfc062723c751e8b465ee728b)  -> (artifact id: 'ede288b63564496543bbf91bc3d040a4') in 0.001567 seconds
Number of updated asset objects reloaded before import = 0
Number of asset objects unloaded after import = 5
========================================================================
Received Import Request.
  Time since last request: 28.035583 seconds.
  path: Assets/Scripts/HandheldItems/Weapons/Magnum/MagnumWeapon.prefab
  artifactKey: Guid(7de5b79a3ad965041a85167734cf075b) Importer(815301076,1909f56bfc062723c751e8b465ee728b)
Start importing Assets/Scripts/HandheldItems/Weapons/Magnum/MagnumWeapon.prefab using Guid(7de5b79a3ad965041a85167734cf075b) Importer(815301076,1909f56bfc062723c751e8b465ee728b)  -> (artifact id: '801f12d6f80bef5454adefe6c9677a71') in 0.001864 seconds
Number of updated asset objects reloaded before import = 0
Number of asset objects unloaded after import = 5
========================================================================
Received Import Request.
  Time since last request: 2.212157 seconds.
  path: Assets/Scripts/HandheldItems/Weapons/Magnum/MagnumWeapon.prefab
  artifactKey: Guid(7de5b79a3ad965041a85167734cf075b) Importer(815301076,1909f56bfc062723c751e8b465ee728b)
Start importing Assets/Scripts/HandheldItems/Weapons/Magnum/MagnumWeapon.prefab using Guid(7de5b79a3ad965041a85167734cf075b) Importer(815301076,1909f56bfc062723c751e8b465ee728b)  -> (artifact id: '4d0fe98df5d35384054e00b113ceb231') in 0.001507 seconds
Number of updated asset objects reloaded before import = 0
Number of asset objects unloaded after import = 5
========================================================================
Received Import Request.
  Time since last request: 33.479875 seconds.
  path: Assets/Scripts/HandheldItems/Weapons/Magnum/MagnumWeapon.prefab
  artifactKey: Guid(7de5b79a3ad965041a85167734cf075b) Importer(815301076,1909f56bfc062723c751e8b465ee728b)
Start importing Assets/Scripts/HandheldItems/Weapons/Magnum/MagnumWeapon.prefab using Guid(7de5b79a3ad965041a85167734cf075b) Importer(815301076,1909f56bfc062723c751e8b465ee728b)  -> (artifact id: '8573725101884df584b2fc6ade395efc') in 0.001510 seconds
Number of updated asset objects reloaded before import = 0
Number of asset objects unloaded after import = 5
========================================================================
Received Import Request.
  Time since last request: 5.234769 seconds.
  path: Assets/Scripts/HandheldItems/Weapons/Magnum/MagnumWeapon.prefab
  artifactKey: Guid(7de5b79a3ad965041a85167734cf075b) Importer(815301076,1909f56bfc062723c751e8b465ee728b)
Start importing Assets/Scripts/HandheldItems/Weapons/Magnum/MagnumWeapon.prefab using Guid(7de5b79a3ad965041a85167734cf075b) Importer(815301076,1909f56bfc062723c751e8b465ee728b)  -> (artifact id: 'e80cd4e8f9be0abe5070f0c2afe4bf30') in 0.001746 seconds
Number of updated asset objects reloaded before import = 0
Number of asset objects unloaded after import = 5
========================================================================
Received Import Request.
  Time since last request: 44.861760 seconds.
  path: Assets/Scripts/HandheldItems/Weapons/Magnum/MagnumWeapon.prefab
  artifactKey: Guid(7de5b79a3ad965041a85167734cf075b) Importer(815301076,1909f56bfc062723c751e8b465ee728b)
Start importing Assets/Scripts/HandheldItems/Weapons/Magnum/MagnumWeapon.prefab using Guid(7de5b79a3ad965041a85167734cf075b) Importer(815301076,1909f56bfc062723c751e8b465ee728b)  -> (artifact id: '92180964b50b560e3f7b317569f76164') in 0.001406 seconds
Number of updated asset objects reloaded before import = 0
Number of asset objects unloaded after import = 7
========================================================================
Received Import Request.
  Time since last request: 3.419824 seconds.
  path: Assets/Scripts/HandheldItems/Weapons/Magnum/MagnumWeapon.prefab
  artifactKey: Guid(7de5b79a3ad965041a85167734cf075b) Importer(815301076,1909f56bfc062723c751e8b465ee728b)
Start importing Assets/Scripts/HandheldItems/Weapons/Magnum/MagnumWeapon.prefab using Guid(7de5b79a3ad965041a85167734cf075b) Importer(815301076,1909f56bfc062723c751e8b465ee728b)  -> (artifact id: '2296a1f45ef6139941845baec875f174') in 0.001716 seconds
Number of updated asset objects reloaded before import = 0
Number of asset objects unloaded after import = 7
========================================================================
Received Import Request.
  Time since last request: 2.318896 seconds.
  path: Assets/Scripts/HandheldItems/Weapons/Magnum/MagnumWeapon.prefab
  artifactKey: Guid(7de5b79a3ad965041a85167734cf075b) Importer(815301076,1909f56bfc062723c751e8b465ee728b)
Start importing Assets/Scripts/HandheldItems/Weapons/Magnum/MagnumWeapon.prefab using Guid(7de5b79a3ad965041a85167734cf075b) Importer(815301076,1909f56bfc062723c751e8b465ee728b)  -> (artifact id: '1af5a4ce00fe45db5576d6d8dd1b0fc5') in 0.001318 seconds
Number of updated asset objects reloaded before import = 0
Number of asset objects unloaded after import = 9
========================================================================
Received Import Request.
  Time since last request: 11.696418 seconds.
  path: Assets/Scripts/HandheldItems/Weapons/Magnum/MagnumWeapon.prefab
  artifactKey: Guid(7de5b79a3ad965041a85167734cf075b) Importer(815301076,1909f56bfc062723c751e8b465ee728b)
Start importing Assets/Scripts/HandheldItems/Weapons/Magnum/MagnumWeapon.prefab using Guid(7de5b79a3ad965041a85167734cf075b) Importer(815301076,1909f56bfc062723c751e8b465ee728b)  -> (artifact id: '46bdb9004c8b60f47a604b3b64c342ae') in 0.001684 seconds
Number of updated asset objects reloaded before import = 0
Number of asset objects unloaded after import = 9
========================================================================
Received Import Request.
  Time since last request: 5.105676 seconds.
  path: Assets/Scripts/HandheldItems/Weapons/Magnum/MagnumWeapon.prefab
  artifactKey: Guid(7de5b79a3ad965041a85167734cf075b) Importer(815301076,1909f56bfc062723c751e8b465ee728b)
Start importing Assets/Scripts/HandheldItems/Weapons/Magnum/MagnumWeapon.prefab using Guid(7de5b79a3ad965041a85167734cf075b) Importer(815301076,1909f56bfc062723c751e8b465ee728b)  -> (artifact id: '03e53b1937324deb75b7cb78ec61a12b') in 0.001531 seconds
Number of updated asset objects reloaded before import = 0
Number of asset objects unloaded after import = 11
========================================================================
Received Import Request.
  Time since last request: 5.241322 seconds.
  path: Assets/Scripts/HandheldItems/Weapons/Magnum/MagnumWeapon.prefab
  artifactKey: Guid(7de5b79a3ad965041a85167734cf075b) Importer(815301076,1909f56bfc062723c751e8b465ee728b)
Start importing Assets/Scripts/HandheldItems/Weapons/Magnum/MagnumWeapon.prefab using Guid(7de5b79a3ad965041a85167734cf075b) Importer(815301076,1909f56bfc062723c751e8b465ee728b)  -> (artifact id: '822582507cbc33514408f64aa321209f') in 0.001384 seconds
Number of updated asset objects reloaded before import = 0
Number of asset objects unloaded after import = 11
========================================================================
Received Import Request.
  Time since last request: 444.038845 seconds.
  path: Assets/Scripts/HandheldItems/Weapons/Magnum/MagnumAmmoCounter.prefab
  artifactKey: Guid(3c2234dde9beda54d89240b7655f9861) Importer(815301076,1909f56bfc062723c751e8b465ee728b)
Start importing Assets/Scripts/HandheldItems/Weapons/Magnum/MagnumAmmoCounter.prefab using Guid(3c2234dde9beda54d89240b7655f9861) Importer(815301076,1909f56bfc062723c751e8b465ee728b)  -> (artifact id: '604bd1061fa34293f76782ee1e118e18') in 0.002876 seconds
Number of updated asset objects reloaded before import = 0
Number of asset objects unloaded after import = 4
========================================================================
Received Import Request.
  Time since last request: 31.808203 seconds.
  path: Assets/Scripts/HandheldItems/Weapons/Magnum/MagnumAmmoCounter.prefab
  artifactKey: Guid(3c2234dde9beda54d89240b7655f9861) Importer(815301076,1909f56bfc062723c751e8b465ee728b)
Start importing Assets/Scripts/HandheldItems/Weapons/Magnum/MagnumAmmoCounter.prefab using Guid(3c2234dde9beda54d89240b7655f9861) Importer(815301076,1909f56bfc062723c751e8b465ee728b)  -> (artifact id: '32d13c3fe39c1aeb7aafdeacdd75f982') in 0.002486 seconds
Number of updated asset objects reloaded before import = 0
Number of asset objects unloaded after import = 4
========================================================================
Received Import Request.
  Time since last request: 20.492157 seconds.
  path: Assets/Scripts/HandheldItems/Weapons/Magnum/MagnumAmmoCounter.prefab
  artifactKey: Guid(3c2234dde9beda54d89240b7655f9861) Importer(815301076,1909f56bfc062723c751e8b465ee728b)
Start importing Assets/Scripts/HandheldItems/Weapons/Magnum/MagnumAmmoCounter.prefab using Guid(3c2234dde9beda54d89240b7655f9861) Importer(815301076,1909f56bfc062723c751e8b465ee728b)  -> (artifact id: '9a4823bd40ee731851414c0fe6616f52') in 0.001517 seconds
Number of updated asset objects reloaded before import = 0
Number of asset objects unloaded after import = 4
========================================================================
Received Import Request.
  Time since last request: 1.807152 seconds.
  path: Assets/Scripts/HandheldItems/Weapons/Magnum/MagnumAmmoCounter.prefab
  artifactKey: Guid(3c2234dde9beda54d89240b7655f9861) Importer(815301076,1909f56bfc062723c751e8b465ee728b)
Start importing Assets/Scripts/HandheldItems/Weapons/Magnum/MagnumAmmoCounter.prefab using Guid(3c2234dde9beda54d89240b7655f9861) Importer(815301076,1909f56bfc062723c751e8b465ee728b)  -> (artifact id: 'b36e7b7a312d548f046964f905c9b24e') in 0.001303 seconds
Number of updated asset objects reloaded before import = 0
Number of asset objects unloaded after import = 4
========================================================================
Received Import Request.
  Time since last request: 18.087398 seconds.
  path: Assets/Scripts/HandheldItems/Weapons/Magnum/MagnumAmmoCounter.prefab
  artifactKey: Guid(3c2234dde9beda54d89240b7655f9861) Importer(815301076,1909f56bfc062723c751e8b465ee728b)
Start importing Assets/Scripts/HandheldItems/Weapons/Magnum/MagnumAmmoCounter.prefab using Guid(3c2234dde9beda54d89240b7655f9861) Importer(815301076,1909f56bfc062723c751e8b465ee728b)  -> (artifact id: 'e31ad81f59caa914419f54d22565993e') in 0.003980 seconds
Number of updated asset objects reloaded before import = 0
Number of asset objects unloaded after import = 13
========================================================================
Received Import Request.
  Time since last request: 11.452651 seconds.
  path: Assets/Scripts/HandheldItems/Weapons/Magnum/MagnumAmmoCounter.prefab
  artifactKey: Guid(3c2234dde9beda54d89240b7655f9861) Importer(815301076,1909f56bfc062723c751e8b465ee728b)
Start importing Assets/Scripts/HandheldItems/Weapons/Magnum/MagnumAmmoCounter.prefab using Guid(3c2234dde9beda54d89240b7655f9861) Importer(815301076,1909f56bfc062723c751e8b465ee728b)  -> (artifact id: '5865c8534d7afa1b9922b97222daa8ab') in 0.001303 seconds
Number of updated asset objects reloaded before import = 0
Number of asset objects unloaded after import = 4
========================================================================
Received Import Request.
  Time since last request: 322.882590 seconds.
  path: Assets/Scripts/HandheldItems/Weapons/Magnum/ArmAnimations
  artifactKey: Guid(aa2e99f5e49d306428f8d443dd98ae67) Importer(815301076,1909f56bfc062723c751e8b465ee728b)
Start importing Assets/Scripts/HandheldItems/Weapons/Magnum/ArmAnimations using Guid(aa2e99f5e49d306428f8d443dd98ae67) Importer(815301076,1909f56bfc062723c751e8b465ee728b)  -> (artifact id: '8f90fcd4e3e6d61dad9e6a612e88b768') in 0.000606 seconds
Number of updated asset objects reloaded before import = 0
Number of asset objects unloaded after import = 0
========================================================================
Received Import Request.
  Time since last request: 1.088929 seconds.
  path: Assets/Scripts/HandheldItems/Weapons/Magnum/ArmAnimations/SK_FP_ArmsV2_Bird.fbx
  artifactKey: Guid(553c5a76c259f294ebe7a9efa5ac8f03) Importer(815301076,1909f56bfc062723c751e8b465ee728b)
Start importing Assets/Scripts/HandheldItems/Weapons/Magnum/ArmAnimations/SK_FP_ArmsV2_Bird.fbx using Guid(553c5a76c259f294ebe7a9efa5ac8f03) Importer(815301076,1909f56bfc062723c751e8b465ee728b)  -> (artifact id: '08221d803e2ae79cf226a8b21d93abc0') in 0.263131 seconds
Number of updated asset objects reloaded before import = 0
Number of asset objects unloaded after import = 97
========================================================================
Received Import Request.
  Time since last request: 0.000018 seconds.
  path: Assets/Scripts/HandheldItems/Weapons/Magnum/ArmAnimations/SK_FP_ArmsV2_Smack.fbx
  artifactKey: Guid(58648e660cb733746854923c2bc0b55e) Importer(815301076,1909f56bfc062723c751e8b465ee728b)
Start importing Assets/Scripts/HandheldItems/Weapons/Magnum/ArmAnimations/SK_FP_ArmsV2_Smack.fbx using Guid(58648e660cb733746854923c2bc0b55e) Importer(815301076,1909f56bfc062723c751e8b465ee728b)  -> (artifact id: 'f6a5f8c094544daa18f9375fed905baf') in 0.046879 seconds
Number of updated asset objects reloaded before import = 0
Number of asset objects unloaded after import = 97
========================================================================
Received Import Request.
  Time since last request: 0.000023 seconds.
  path: Assets/Scripts/HandheldItems/Weapons/Magnum/ArmAnimations/SK_FP_ArmsV2_Walk.fbx
  artifactKey: Guid(5b35ac46835589a49b02f45754c3c3b5) Importer(815301076,1909f56bfc062723c751e8b465ee728b)
Start importing Assets/Scripts/HandheldItems/Weapons/Magnum/ArmAnimations/SK_FP_ArmsV2_Walk.fbx using Guid(5b35ac46835589a49b02f45754c3c3b5) Importer(815301076,1909f56bfc062723c751e8b465ee728b)  -> (artifact id: '2050e329f195ab8a0a8cceb999cfb0b3') in 0.051911 seconds
Number of updated asset objects reloaded before import = 0
Number of asset objects unloaded after import = 97
========================================================================
Received Import Request.
  Time since last request: 0.000015 seconds.
  path: Assets/Scripts/HandheldItems/Weapons/Magnum/ArmAnimations/SK_FP_ArmsV2_Fire.fbx
  artifactKey: Guid(8eb35dd45ee45244b930bdb2ebc5e7de) Importer(815301076,1909f56bfc062723c751e8b465ee728b)
Start importing Assets/Scripts/HandheldItems/Weapons/Magnum/ArmAnimations/SK_FP_ArmsV2_Fire.fbx using Guid(8eb35dd45ee45244b930bdb2ebc5e7de) Importer(815301076,1909f56bfc062723c751e8b465ee728b)  -> (artifact id: 'ab9d3589870caaa28e73d5b1e166e4b3') in 0.054605 seconds
Number of updated asset objects reloaded before import = 0
Number of asset objects unloaded after import = 97
Editor requested this worker to shutdown with reason: Scaling down because of idle timeout
TcpMessagingSession - receive error: operation aborted. errorcode: 995, details: The I/O operation has been aborted because of either a thread exit or an application request.
AssetImportWorker is now disconnected from the server
Process exiting
Exiting without the bug reporter. Application will terminate with return code 0